[debug] [2023-02-09T22:13:14.339Z] ----------------------------------------------------------------------
[debug] [2023-02-09T22:13:14.343Z] Command:       /Users/yuchi/.nvm/versions/node/v19.0.0/bin/node /Users/yuchi/.nvm/versions/node/v19.0.0/bin/firebase serve
[debug] [2023-02-09T22:13:14.343Z] CLI Version:   11.22.0
[debug] [2023-02-09T22:13:14.344Z] Platform:      darwin
[debug] [2023-02-09T22:13:14.344Z] Node Version:  v19.0.0
[debug] [2023-02-09T22:13:14.344Z] Time:          Thu Feb 09 2023 17:13:14 GMT-0500 (Eastern Standard Time)
[debug] [2023-02-09T22:13:14.344Z] ----------------------------------------------------------------------
[debug] 
[debug] [2023-02-09T22:13:14.396Z] > command requires scopes: ["email","openid","https://www.googleapis.com/auth/cloudplatformprojects.readonly","https://www.googleapis.com/auth/firebase","https://www.googleapis.com/auth/cloud-platform"]
[debug] [2023-02-09T22:13:14.396Z] > authorizing via signed-in user (chronictanvi@gmail.com)
[debug] [2023-02-09T22:13:14.396Z] [iam] checking project comrade-96b57 for permissions ["firebase.projects.get"]
[debug] [2023-02-09T22:13:14.397Z] >>> [apiv2][query] POST https://cloudresourcemanager.googleapis.com/v1/projects/comrade-96b57:testIamPermissions [none]
[debug] [2023-02-09T22:13:14.397Z] >>> [apiv2][(partial)header] POST https://cloudresourcemanager.googleapis.com/v1/projects/comrade-96b57:testIamPermissions x-goog-quota-user=projects/comrade-96b57
[debug] [2023-02-09T22:13:14.397Z] >>> [apiv2][body] POST https://cloudresourcemanager.googleapis.com/v1/projects/comrade-96b57:testIamPermissions {"permissions":["firebase.projects.get"]}
[debug] [2023-02-09T22:13:14.748Z] <<< [apiv2][status] POST https://cloudresourcemanager.googleapis.com/v1/projects/comrade-96b57:testIamPermissions 200
[debug] [2023-02-09T22:13:14.749Z] <<< [apiv2][body] POST https://cloudresourcemanager.googleapis.com/v1/projects/comrade-96b57:testIamPermissions {"permissions":["firebase.projects.get"]}
[debug] [2023-02-09T22:13:14.750Z] >>> [apiv2][query] GET https://firebase.googleapis.com/v1beta1/projects/comrade-96b57 [none]
[debug] [2023-02-09T22:13:15.106Z] <<< [apiv2][status] GET https://firebase.googleapis.com/v1beta1/projects/comrade-96b57 200
[debug] [2023-02-09T22:13:15.106Z] <<< [apiv2][body] GET https://firebase.googleapis.com/v1beta1/projects/comrade-96b57 {"projectId":"comrade-96b57","projectNumber":"467610702829","displayName":"comrade","name":"projects/comrade-96b57","resources":{"hostingSite":"comrade-96b57"},"state":"ACTIVE","etag":"1_7afff230-595d-45e5-9098-796488a6ddfc"}
[info] 
[info] === Serving from '/Users/yuchi/GitHub Projects/trialnetwork'...
[info] 
[debug] [2023-02-09T22:13:15.108Z] >>> [apiv2][query] GET https://firebasehosting.googleapis.com/v1beta1/projects/comrade-96b57/sites 
[debug] [2023-02-09T22:13:15.629Z] <<< [apiv2][status] GET https://firebasehosting.googleapis.com/v1beta1/projects/comrade-96b57/sites 200
[debug] [2023-02-09T22:13:15.629Z] <<< [apiv2][body] GET https://firebasehosting.googleapis.com/v1beta1/projects/comrade-96b57/sites {"sites":[{"name":"projects/comrade-96b57/sites/comrade-96b57","defaultUrl":"https://comrade-96b57.web.app","type":"DEFAULT_SITE"}]}
[debug] [2023-02-09T22:13:15.630Z] >>> [apiv2][query] GET https://firebase.googleapis.com/v1beta1/projects/comrade-96b57/webApps/-/config [none]
[debug] [2023-02-09T22:13:16.156Z] <<< [apiv2][status] GET https://firebase.googleapis.com/v1beta1/projects/comrade-96b57/webApps/-/config 200
[debug] [2023-02-09T22:13:16.156Z] <<< [apiv2][body] GET https://firebase.googleapis.com/v1beta1/projects/comrade-96b57/webApps/-/config {"projectId":"comrade-96b57","storageBucket":"comrade-96b57.appspot.com","apiKey":"AIzaSyA3jbaz3reN8kjvkMhwu0Knp2jy80gSO40","authDomain":"comrade-96b57.firebaseapp.com","messagingSenderId":"467610702829"}
[debug] [2023-02-09T22:13:16.178Z] >>> [apiv2][query] GET https://firebase.googleapis.com/v1beta1/projects/comrade-96b57 [none]
[debug] [2023-02-09T22:13:16.360Z] <<< [apiv2][status] GET https://firebase.googleapis.com/v1beta1/projects/comrade-96b57 200
[debug] [2023-02-09T22:13:16.360Z] <<< [apiv2][body] GET https://firebase.googleapis.com/v1beta1/projects/comrade-96b57 {"projectId":"comrade-96b57","projectNumber":"467610702829","displayName":"comrade","name":"projects/comrade-96b57","resources":{"hostingSite":"comrade-96b57"},"state":"ACTIVE","etag":"1_7afff230-595d-45e5-9098-796488a6ddfc"}
[info] i  hosting[comrade-96b57]: Serving hosting files from: public {"metadata":{"emulator":{"name":"hosting"},"message":"Serving hosting files from: \u001b[1mpublic\u001b[22m"}}
[info] ✔  hosting[comrade-96b57]: Local server: http://localhost:5000 {"metadata":{"emulator":{"name":"hosting"},"message":"Local server: \u001b[4m\u001b[1mhttp://localhost:5000\u001b[22m\u001b[24m"}}
[info] i  hosting: ::1 - - [09/Feb/2023:22:13:47 +0000] "GET / HTTP/1.1" 200 - "-" "Mozilla/5.0 (Macintosh; Intel Mac OS X 10_15_7) AppleWebKit/605.1.15 (KHTML, like Gecko) Version/15.6 Safari/605.1.15" {"metadata":{"emulator":{"name":"hosting"},"message":"::1 - - [09/Feb/2023:22:13:47 +0000] \"GET / HTTP/1.1\" 200 - \"-\" \"Mozilla/5.0 (Macintosh; Intel Mac OS X 10_15_7) AppleWebKit/605.1.15 (KHTML, like Gecko) Version/15.6 Safari/605.1.15\""}}
[debug] [2023-02-09T22:13:47.748Z] >>> [apiv2][query] GET https://www.gstatic.com/firebasejs/9.17.1/firebase-app-compat.js [none]
[debug] [2023-02-09T22:13:47.756Z] >>> [apiv2][query] GET https://www.gstatic.com/firebasejs/9.17.1/firebase-database-compat.js [none]
[debug] [2023-02-09T22:13:47.757Z] >>> [apiv2][query] GET https://www.gstatic.com/firebasejs/9.17.1/firebase-auth-compat.js [none]
[debug] [2023-02-09T22:13:47.758Z] >>> [apiv2][query] GET https://www.gstatic.com/firebasejs/9.17.1/firebase-firestore-compat.js [none]
[debug] [2023-02-09T22:13:47.758Z] >>> [apiv2][query] GET https://www.gstatic.com/firebasejs/9.17.1/firebase-functions-compat.js [none]
[debug] [2023-02-09T22:13:47.759Z] >>> [apiv2][query] GET https://www.gstatic.com/firebasejs/9.17.1/firebase-messaging-compat.js [none]
[debug] [2023-02-09T22:13:47.799Z] <<< [apiv2][status] GET https://www.gstatic.com/firebasejs/9.17.1/firebase-app-compat.js 200
[debug] [2023-02-09T22:13:47.799Z] <<< [apiv2][body] GET https://www.gstatic.com/firebasejs/9.17.1/firebase-app-compat.js [stream]
[debug] [2023-02-09T22:13:47.801Z] <<< [apiv2][status] GET https://www.gstatic.com/firebasejs/9.17.1/firebase-auth-compat.js 200
[debug] [2023-02-09T22:13:47.801Z] <<< [apiv2][body] GET https://www.gstatic.com/firebasejs/9.17.1/firebase-auth-compat.js [stream]
[debug] [2023-02-09T22:13:47.802Z] <<< [apiv2][status] GET https://www.gstatic.com/firebasejs/9.17.1/firebase-database-compat.js 200
[debug] [2023-02-09T22:13:47.802Z] <<< [apiv2][body] GET https://www.gstatic.com/firebasejs/9.17.1/firebase-database-compat.js [stream]
[debug] [2023-02-09T22:13:47.803Z] <<< [apiv2][status] GET https://www.gstatic.com/firebasejs/9.17.1/firebase-functions-compat.js 200
[debug] [2023-02-09T22:13:47.803Z] <<< [apiv2][body] GET https://www.gstatic.com/firebasejs/9.17.1/firebase-functions-compat.js [stream]
[info] i  hosting: ::1 - - [09/Feb/2023:22:13:47 +0000] "GET /__/firebase/9.17.1/firebase-functions-compat.js HTTP/1.1" 200 8116 "http://localhost:5000/" "Mozilla/5.0 (Macintosh; Intel Mac OS X 10_15_7) AppleWebKit/605.1.15 (KHTML, like Gecko) Version/15.6 Safari/605.1.15" {"metadata":{"emulator":{"name":"hosting"},"message":"::1 - - [09/Feb/2023:22:13:47 +0000] \"GET /__/firebase/9.17.1/firebase-functions-compat.js HTTP/1.1\" 200 8116 \"http://localhost:5000/\" \"Mozilla/5.0 (Macintosh; Intel Mac OS X 10_15_7) AppleWebKit/605.1.15 (KHTML, like Gecko) Version/15.6 Safari/605.1.15\""}}
[debug] [2023-02-09T22:13:47.807Z] >>> [apiv2][query] GET https://www.gstatic.com/firebasejs/9.17.1/firebase-storage-compat.js [none]
[debug] [2023-02-09T22:13:47.808Z] <<< [apiv2][status] GET https://www.gstatic.com/firebasejs/9.17.1/firebase-messaging-compat.js 200
[debug] [2023-02-09T22:13:47.808Z] <<< [apiv2][body] GET https://www.gstatic.com/firebasejs/9.17.1/firebase-messaging-compat.js [stream]
[debug] [2023-02-09T22:13:47.809Z] <<< [apiv2][status] GET https://www.gstatic.com/firebasejs/9.17.1/firebase-firestore-compat.js 200
[debug] [2023-02-09T22:13:47.809Z] <<< [apiv2][body] GET https://www.gstatic.com/firebasejs/9.17.1/firebase-firestore-compat.js [stream]
[info] i  hosting: ::1 - - [09/Feb/2023:22:13:47 +0000] "GET /__/firebase/9.17.1/firebase-app-compat.js HTTP/1.1" 200 28790 "http://localhost:5000/" "Mozilla/5.0 (Macintosh; Intel Mac OS X 10_15_7) AppleWebKit/605.1.15 (KHTML, like Gecko) Version/15.6 Safari/605.1.15" {"metadata":{"emulator":{"name":"hosting"},"message":"::1 - - [09/Feb/2023:22:13:47 +0000] \"GET /__/firebase/9.17.1/firebase-app-compat.js HTTP/1.1\" 200 28790 \"http://localhost:5000/\" \"Mozilla/5.0 (Macintosh; Intel Mac OS X 10_15_7) AppleWebKit/605.1.15 (KHTML, like Gecko) Version/15.6 Safari/605.1.15\""}}
[debug] [2023-02-09T22:13:47.819Z] >>> [apiv2][query] GET https://www.gstatic.com/firebasejs/9.17.1/firebase-analytics-compat.js [none]
[info] i  hosting: ::1 - - [09/Feb/2023:22:13:47 +0000] "GET /__/firebase/9.17.1/firebase-messaging-compat.js HTTP/1.1" 200 38219 "http://localhost:5000/" "Mozilla/5.0 (Macintosh; Intel Mac OS X 10_15_7) AppleWebKit/605.1.15 (KHTML, like Gecko) Version/15.6 Safari/605.1.15" {"metadata":{"emulator":{"name":"hosting"},"message":"::1 - - [09/Feb/2023:22:13:47 +0000] \"GET /__/firebase/9.17.1/firebase-messaging-compat.js HTTP/1.1\" 200 38219 \"http://localhost:5000/\" \"Mozilla/5.0 (Macintosh; Intel Mac OS X 10_15_7) AppleWebKit/605.1.15 (KHTML, like Gecko) Version/15.6 Safari/605.1.15\""}}
[debug] [2023-02-09T22:13:47.825Z] <<< [apiv2][status] GET https://www.gstatic.com/firebasejs/9.17.1/firebase-storage-compat.js 200
[debug] [2023-02-09T22:13:47.825Z] <<< [apiv2][body] GET https://www.gstatic.com/firebasejs/9.17.1/firebase-storage-compat.js [stream]
[debug] [2023-02-09T22:13:47.826Z] >>> [apiv2][query] GET https://www.gstatic.com/firebasejs/9.17.1/firebase-remote-config-compat.js [none]
[info] i  hosting: ::1 - - [09/Feb/2023:22:13:47 +0000] "GET /__/firebase/9.17.1/firebase-auth-compat.js HTTP/1.1" 200 125725 "http://localhost:5000/" "Mozilla/5.0 (Macintosh; Intel Mac OS X 10_15_7) AppleWebKit/605.1.15 (KHTML, like Gecko) Version/15.6 Safari/605.1.15" {"metadata":{"emulator":{"name":"hosting"},"message":"::1 - - [09/Feb/2023:22:13:47 +0000] \"GET /__/firebase/9.17.1/firebase-auth-compat.js HTTP/1.1\" 200 125725 \"http://localhost:5000/\" \"Mozilla/5.0 (Macintosh; Intel Mac OS X 10_15_7) AppleWebKit/605.1.15 (KHTML, like Gecko) Version/15.6 Safari/605.1.15\""}}
[debug] [2023-02-09T22:13:47.832Z] >>> [apiv2][query] GET https://www.gstatic.com/firebasejs/9.17.1/firebase-performance-compat.js [none]
[info] i  hosting: ::1 - - [09/Feb/2023:22:13:47 +0000] "GET /__/firebase/9.17.1/firebase-storage-compat.js HTTP/1.1" 200 41214 "http://localhost:5000/" "Mozilla/5.0 (Macintosh; Intel Mac OS X 10_15_7) AppleWebKit/605.1.15 (KHTML, like Gecko) Version/15.6 Safari/605.1.15" {"metadata":{"emulator":{"name":"hosting"},"message":"::1 - - [09/Feb/2023:22:13:47 +0000] \"GET /__/firebase/9.17.1/firebase-storage-compat.js HTTP/1.1\" 200 41214 \"http://localhost:5000/\" \"Mozilla/5.0 (Macintosh; Intel Mac OS X 10_15_7) AppleWebKit/605.1.15 (KHTML, like Gecko) Version/15.6 Safari/605.1.15\""}}
[debug] [2023-02-09T22:13:47.834Z] <<< [apiv2][status] GET https://www.gstatic.com/firebasejs/9.17.1/firebase-analytics-compat.js 200
[debug] [2023-02-09T22:13:47.834Z] <<< [apiv2][body] GET https://www.gstatic.com/firebasejs/9.17.1/firebase-analytics-compat.js [stream]
[info] i  hosting: ::1 - - [09/Feb/2023:22:13:47 +0000] "GET /__/firebase/9.17.1/firebase-analytics-compat.js HTTP/1.1" 200 25820 "http://localhost:5000/" "Mozilla/5.0 (Macintosh; Intel Mac OS X 10_15_7) AppleWebKit/605.1.15 (KHTML, like Gecko) Version/15.6 Safari/605.1.15" {"metadata":{"emulator":{"name":"hosting"},"message":"::1 - - [09/Feb/2023:22:13:47 +0000] \"GET /__/firebase/9.17.1/firebase-analytics-compat.js HTTP/1.1\" 200 25820 \"http://localhost:5000/\" \"Mozilla/5.0 (Macintosh; Intel Mac OS X 10_15_7) AppleWebKit/605.1.15 (KHTML, like Gecko) Version/15.6 Safari/605.1.15\""}}
[info] i  hosting: ::1 - - [09/Feb/2023:22:13:47 +0000] "GET /__/firebase/init.js?useEmulator=true HTTP/1.1" 200 - "http://localhost:5000/" "Mozilla/5.0 (Macintosh; Intel Mac OS X 10_15_7) AppleWebKit/605.1.15 (KHTML, like Gecko) Version/15.6 Safari/605.1.15" {"metadata":{"emulator":{"name":"hosting"},"message":"::1 - - [09/Feb/2023:22:13:47 +0000] \"GET /__/firebase/init.js?useEmulator=true HTTP/1.1\" 200 - \"http://localhost:5000/\" \"Mozilla/5.0 (Macintosh; Intel Mac OS X 10_15_7) AppleWebKit/605.1.15 (KHTML, like Gecko) Version/15.6 Safari/605.1.15\""}}
[info] i  hosting: ::1 - - [09/Feb/2023:22:13:47 +0000] "GET /__/firebase/9.17.1/firebase-database-compat.js HTTP/1.1" 200 165553 "http://localhost:5000/" "Mozilla/5.0 (Macintosh; Intel Mac OS X 10_15_7) AppleWebKit/605.1.15 (KHTML, like Gecko) Version/15.6 Safari/605.1.15" {"metadata":{"emulator":{"name":"hosting"},"message":"::1 - - [09/Feb/2023:22:13:47 +0000] \"GET /__/firebase/9.17.1/firebase-database-compat.js HTTP/1.1\" 200 165553 \"http://localhost:5000/\" \"Mozilla/5.0 (Macintosh; Intel Mac OS X 10_15_7) AppleWebKit/605.1.15 (KHTML, like Gecko) Version/15.6 Safari/605.1.15\""}}
[debug] [2023-02-09T22:13:47.838Z] <<< [apiv2][status] GET https://www.gstatic.com/firebasejs/9.17.1/firebase-remote-config-compat.js 200
[debug] [2023-02-09T22:13:47.838Z] <<< [apiv2][body] GET https://www.gstatic.com/firebasejs/9.17.1/firebase-remote-config-compat.js [stream]
[info] i  hosting: ::1 - - [09/Feb/2023:22:13:47 +0000] "GET /__/firebase/9.17.1/firebase-remote-config-compat.js HTTP/1.1" 200 27216 "http://localhost:5000/" "Mozilla/5.0 (Macintosh; Intel Mac OS X 10_15_7) AppleWebKit/605.1.15 (KHTML, like Gecko) Version/15.6 Safari/605.1.15" {"metadata":{"emulator":{"name":"hosting"},"message":"::1 - - [09/Feb/2023:22:13:47 +0000] \"GET /__/firebase/9.17.1/firebase-remote-config-compat.js HTTP/1.1\" 200 27216 \"http://localhost:5000/\" \"Mozilla/5.0 (Macintosh; Intel Mac OS X 10_15_7) AppleWebKit/605.1.15 (KHTML, like Gecko) Version/15.6 Safari/605.1.15\""}}
[info] i  hosting: ::1 - - [09/Feb/2023:22:13:47 +0000] "GET /app.js HTTP/1.1" 200 398 "http://localhost:5000/" "Mozilla/5.0 (Macintosh; Intel Mac OS X 10_15_7) AppleWebKit/605.1.15 (KHTML, like Gecko) Version/15.6 Safari/605.1.15" {"metadata":{"emulator":{"name":"hosting"},"message":"::1 - - [09/Feb/2023:22:13:47 +0000] \"GET /app.js HTTP/1.1\" 200 398 \"http://localhost:5000/\" \"Mozilla/5.0 (Macintosh; Intel Mac OS X 10_15_7) AppleWebKit/605.1.15 (KHTML, like Gecko) Version/15.6 Safari/605.1.15\""}}
[debug] [2023-02-09T22:13:47.847Z] <<< [apiv2][status] GET https://www.gstatic.com/firebasejs/9.17.1/firebase-performance-compat.js 200
[debug] [2023-02-09T22:13:47.847Z] <<< [apiv2][body] GET https://www.gstatic.com/firebasejs/9.17.1/firebase-performance-compat.js [stream]
[info] i  hosting: ::1 - - [09/Feb/2023:22:13:47 +0000] "GET /__/firebase/9.17.1/firebase-performance-compat.js HTTP/1.1" 200 30748 "http://localhost:5000/" "Mozilla/5.0 (Macintosh; Intel Mac OS X 10_15_7) AppleWebKit/605.1.15 (KHTML, like Gecko) Version/15.6 Safari/605.1.15" {"metadata":{"emulator":{"name":"hosting"},"message":"::1 - - [09/Feb/2023:22:13:47 +0000] \"GET /__/firebase/9.17.1/firebase-performance-compat.js HTTP/1.1\" 200 30748 \"http://localhost:5000/\" \"Mozilla/5.0 (Macintosh; Intel Mac OS X 10_15_7) AppleWebKit/605.1.15 (KHTML, like Gecko) Version/15.6 Safari/605.1.15\""}}
[info] i  hosting: ::1 - - [09/Feb/2023:22:13:47 +0000] "GET /__/firebase/9.17.1/firebase-firestore-compat.js HTTP/1.1" 200 320620 "http://localhost:5000/" "Mozilla/5.0 (Macintosh; Intel Mac OS X 10_15_7) AppleWebKit/605.1.15 (KHTML, like Gecko) Version/15.6 Safari/605.1.15" {"metadata":{"emulator":{"name":"hosting"},"message":"::1 - - [09/Feb/2023:22:13:47 +0000] \"GET /__/firebase/9.17.1/firebase-firestore-compat.js HTTP/1.1\" 200 320620 \"http://localhost:5000/\" \"Mozilla/5.0 (Macintosh; Intel Mac OS X 10_15_7) AppleWebKit/605.1.15 (KHTML, like Gecko) Version/15.6 Safari/605.1.15\""}}
[info] i  hosting: ::1 - - [09/Feb/2023:22:13:47 +0000] "GET /favicon.ico HTTP/1.1" 200 - "http://localhost:5000/" "Mozilla/5.0 (Macintosh; Intel Mac OS X 10_15_7) AppleWebKit/605.1.15 (KHTML, like Gecko) Version/15.6 Safari/605.1.15" {"metadata":{"emulator":{"name":"hosting"},"message":"::1 - - [09/Feb/2023:22:13:47 +0000] \"GET /favicon.ico HTTP/1.1\" 200 - \"http://localhost:5000/\" \"Mozilla/5.0 (Macintosh; Intel Mac OS X 10_15_7) AppleWebKit/605.1.15 (KHTML, like Gecko) Version/15.6 Safari/605.1.15\""}}
[info] i  hosting: ::1 - - [09/Feb/2023:22:13:56 +0000] "GET / HTTP/1.1" 200 - "-" "Mozilla/5.0 (Macintosh; Intel Mac OS X 10_15_7) AppleWebKit/605.1.15 (KHTML, like Gecko) Version/15.6 Safari/605.1.15" {"metadata":{"emulator":{"name":"hosting"},"message":"::1 - - [09/Feb/2023:22:13:56 +0000] \"GET / HTTP/1.1\" 200 - \"-\" \"Mozilla/5.0 (Macintosh; Intel Mac OS X 10_15_7) AppleWebKit/605.1.15 (KHTML, like Gecko) Version/15.6 Safari/605.1.15\""}}
[info] i  hosting: ::1 - - [09/Feb/2023:22:13:56 +0000] "GET /__/firebase/init.js?useEmulator=true HTTP/1.1" 200 - "http://localhost:5000/" "Mozilla/5.0 (Macintosh; Intel Mac OS X 10_15_7) AppleWebKit/605.1.15 (KHTML, like Gecko) Version/15.6 Safari/605.1.15" {"metadata":{"emulator":{"name":"hosting"},"message":"::1 - - [09/Feb/2023:22:13:56 +0000] \"GET /__/firebase/init.js?useEmulator=true HTTP/1.1\" 200 - \"http://localhost:5000/\" \"Mozilla/5.0 (Macintosh; Intel Mac OS X 10_15_7) AppleWebKit/605.1.15 (KHTML, like Gecko) Version/15.6 Safari/605.1.15\""}}
[info] i  hosting: ::1 - - [09/Feb/2023:22:15:53 +0000] "GET / HTTP/1.1" 200 - "-" "Mozilla/5.0 (Macintosh; Intel Mac OS X 10_15_7) AppleWebKit/605.1.15 (KHTML, like Gecko) Version/15.6 Safari/605.1.15" {"metadata":{"emulator":{"name":"hosting"},"message":"::1 - - [09/Feb/2023:22:15:53 +0000] \"GET / HTTP/1.1\" 200 - \"-\" \"Mozilla/5.0 (Macintosh; Intel Mac OS X 10_15_7) AppleWebKit/605.1.15 (KHTML, like Gecko) Version/15.6 Safari/605.1.15\""}}
[info] i  hosting: ::1 - - [09/Feb/2023:22:15:53 +0000] "GET /__/firebase/init.js?useEmulator=true HTTP/1.1" 200 - "http://localhost:5000/" "Mozilla/5.0 (Macintosh; Intel Mac OS X 10_15_7) AppleWebKit/605.1.15 (KHTML, like Gecko) Version/15.6 Safari/605.1.15" {"metadata":{"emulator":{"name":"hosting"},"message":"::1 - - [09/Feb/2023:22:15:53 +0000] \"GET /__/firebase/init.js?useEmulator=true HTTP/1.1\" 200 - \"http://localhost:5000/\" \"Mozilla/5.0 (Macintosh; Intel Mac OS X 10_15_7) AppleWebKit/605.1.15 (KHTML, like Gecko) Version/15.6 Safari/605.1.15\""}}
[info] i  hosting: ::1 - - [09/Feb/2023:22:15:53 +0000] "GET /app.js HTTP/1.1" 200 227 "http://localhost:5000/" "Mozilla/5.0 (Macintosh; Intel Mac OS X 10_15_7) AppleWebKit/605.1.15 (KHTML, like Gecko) Version/15.6 Safari/605.1.15" {"metadata":{"emulator":{"name":"hosting"},"message":"::1 - - [09/Feb/2023:22:15:53 +0000] \"GET /app.js HTTP/1.1\" 200 227 \"http://localhost:5000/\" \"Mozilla/5.0 (Macintosh; Intel Mac OS X 10_15_7) AppleWebKit/605.1.15 (KHTML, like Gecko) Version/15.6 Safari/605.1.15\""}}
[info] i  hosting: ::1 - - [09/Feb/2023:22:15:54 +0000] "GET / HTTP/1.1" 200 - "-" "Mozilla/5.0 (Macintosh; Intel Mac OS X 10_15_7) AppleWebKit/605.1.15 (KHTML, like Gecko) Version/15.6 Safari/605.1.15" {"metadata":{"emulator":{"name":"hosting"},"message":"::1 - - [09/Feb/2023:22:15:54 +0000] \"GET / HTTP/1.1\" 200 - \"-\" \"Mozilla/5.0 (Macintosh; Intel Mac OS X 10_15_7) AppleWebKit/605.1.15 (KHTML, like Gecko) Version/15.6 Safari/605.1.15\""}}
[info] i  hosting: ::1 - - [09/Feb/2023:22:15:54 +0000] "GET /__/firebase/init.js?useEmulator=true HTTP/1.1" 200 - "http://localhost:5000/" "Mozilla/5.0 (Macintosh; Intel Mac OS X 10_15_7) AppleWebKit/605.1.15 (KHTML, like Gecko) Version/15.6 Safari/605.1.15" {"metadata":{"emulator":{"name":"hosting"},"message":"::1 - - [09/Feb/2023:22:15:54 +0000] \"GET /__/firebase/init.js?useEmulator=true HTTP/1.1\" 200 - \"http://localhost:5000/\" \"Mozilla/5.0 (Macintosh; Intel Mac OS X 10_15_7) AppleWebKit/605.1.15 (KHTML, like Gecko) Version/15.6 Safari/605.1.15\""}}
[info] i  hosting: ::1 - - [09/Feb/2023:22:16:22 +0000] "GET / HTTP/1.1" 200 - "-" "Mozilla/5.0 (Macintosh; Intel Mac OS X 10_15_7) AppleWebKit/605.1.15 (KHTML, like Gecko) Version/15.6 Safari/605.1.15" {"metadata":{"emulator":{"name":"hosting"},"message":"::1 - - [09/Feb/2023:22:16:22 +0000] \"GET / HTTP/1.1\" 200 - \"-\" \"Mozilla/5.0 (Macintosh; Intel Mac OS X 10_15_7) AppleWebKit/605.1.15 (KHTML, like Gecko) Version/15.6 Safari/605.1.15\""}}
[info] i  hosting: ::1 - - [09/Feb/2023:22:16:22 +0000] "GET /__/firebase/init.js?useEmulator=true HTTP/1.1" 200 - "http://localhost:5000/" "Mozilla/5.0 (Macintosh; Intel Mac OS X 10_15_7) AppleWebKit/605.1.15 (KHTML, like Gecko) Version/15.6 Safari/605.1.15" {"metadata":{"emulator":{"name":"hosting"},"message":"::1 - - [09/Feb/2023:22:16:22 +0000] \"GET /__/firebase/init.js?useEmulator=true HTTP/1.1\" 200 - \"http://localhost:5000/\" \"Mozilla/5.0 (Macintosh; Intel Mac OS X 10_15_7) AppleWebKit/605.1.15 (KHTML, like Gecko) Version/15.6 Safari/605.1.15\""}}
[info] i  hosting: ::1 - - [09/Feb/2023:22:16:22 +0000] "GET /app.js HTTP/1.1" 200 227 "http://localhost:5000/" "Mozilla/5.0 (Macintosh; Intel Mac OS X 10_15_7) AppleWebKit/605.1.15 (KHTML, like Gecko) Version/15.6 Safari/605.1.15" {"metadata":{"emulator":{"name":"hosting"},"message":"::1 - - [09/Feb/2023:22:16:22 +0000] \"GET /app.js HTTP/1.1\" 200 227 \"http://localhost:5000/\" \"Mozilla/5.0 (Macintosh; Intel Mac OS X 10_15_7) AppleWebKit/605.1.15 (KHTML, like Gecko) Version/15.6 Safari/605.1.15\""}}
[info] i  hosting: ::1 - - [09/Feb/2023:22:17:16 +0000] "GET / HTTP/1.1" 200 - "-" "Mozilla/5.0 (Macintosh; Intel Mac OS X 10_15_7) AppleWebKit/605.1.15 (KHTML, like Gecko) Version/15.6 Safari/605.1.15" {"metadata":{"emulator":{"name":"hosting"},"message":"::1 - - [09/Feb/2023:22:17:16 +0000] \"GET / HTTP/1.1\" 200 - \"-\" \"Mozilla/5.0 (Macintosh; Intel Mac OS X 10_15_7) AppleWebKit/605.1.15 (KHTML, like Gecko) Version/15.6 Safari/605.1.15\""}}
[info] i  hosting: ::1 - - [09/Feb/2023:22:17:16 +0000] "GET /__/firebase/init.js?useEmulator=true HTTP/1.1" 200 - "http://localhost:5000/" "Mozilla/5.0 (Macintosh; Intel Mac OS X 10_15_7) AppleWebKit/605.1.15 (KHTML, like Gecko) Version/15.6 Safari/605.1.15" {"metadata":{"emulator":{"name":"hosting"},"message":"::1 - - [09/Feb/2023:22:17:16 +0000] \"GET /__/firebase/init.js?useEmulator=true HTTP/1.1\" 200 - \"http://localhost:5000/\" \"Mozilla/5.0 (Macintosh; Intel Mac OS X 10_15_7) AppleWebKit/605.1.15 (KHTML, like Gecko) Version/15.6 Safari/605.1.15\""}}
[info] i  hosting: ::1 - - [09/Feb/2023:22:17:16 +0000] "GET /app.js HTTP/1.1" 200 227 "http://localhost:5000/" "Mozilla/5.0 (Macintosh; Intel Mac OS X 10_15_7) AppleWebKit/605.1.15 (KHTML, like Gecko) Version/15.6 Safari/605.1.15" {"metadata":{"emulator":{"name":"hosting"},"message":"::1 - - [09/Feb/2023:22:17:16 +0000] \"GET /app.js HTTP/1.1\" 200 227 \"http://localhost:5000/\" \"Mozilla/5.0 (Macintosh; Intel Mac OS X 10_15_7) AppleWebKit/605.1.15 (KHTML, like Gecko) Version/15.6 Safari/605.1.15\""}}
[debug] [2023-02-09T22:18:14.412Z] >>> [apiv2][query] GET https://www.gstatic.com/firebasejs/9.17.1/firebase-firestore-compat.js.map [none]
[debug] [2023-02-09T22:18:14.435Z] >>> [apiv2][query] GET https://www.gstatic.com/firebasejs/9.17.1/firebase-functions-compat.js.map [none]
[debug] [2023-02-09T22:18:14.439Z] >>> [apiv2][query] GET https://www.gstatic.com/firebasejs/9.17.1/firebase-auth-compat.js.map [none]
[debug] [2023-02-09T22:18:14.441Z] >>> [apiv2][query] GET https://www.gstatic.com/firebasejs/9.17.1/firebase-app-compat.js.map [none]
[debug] [2023-02-09T22:18:14.442Z] >>> [apiv2][query] GET https://www.gstatic.com/firebasejs/9.17.1/firebase-analytics-compat.js.map [none]
[debug] [2023-02-09T22:18:14.444Z] >>> [apiv2][query] GET https://www.gstatic.com/firebasejs/9.17.1/firebase-storage-compat.js.map [none]
[debug] [2023-02-09T22:18:14.629Z] <<< [apiv2][status] GET https://www.gstatic.com/firebasejs/9.17.1/firebase-auth-compat.js.map 200
[debug] [2023-02-09T22:18:14.630Z] <<< [apiv2][body] GET https://www.gstatic.com/firebasejs/9.17.1/firebase-auth-compat.js.map [stream]
[debug] [2023-02-09T22:18:14.633Z] <<< [apiv2][status] GET https://www.gstatic.com/firebasejs/9.17.1/firebase-functions-compat.js.map 200
[debug] [2023-02-09T22:18:14.633Z] <<< [apiv2][body] GET https://www.gstatic.com/firebasejs/9.17.1/firebase-functions-compat.js.map [stream]
[debug] [2023-02-09T22:18:14.641Z] <<< [apiv2][status] GET https://www.gstatic.com/firebasejs/9.17.1/firebase-analytics-compat.js.map 200
[debug] [2023-02-09T22:18:14.641Z] <<< [apiv2][body] GET https://www.gstatic.com/firebasejs/9.17.1/firebase-analytics-compat.js.map [stream]
[debug] [2023-02-09T22:18:14.644Z] <<< [apiv2][status] GET https://www.gstatic.com/firebasejs/9.17.1/firebase-storage-compat.js.map 200
[debug] [2023-02-09T22:18:14.644Z] <<< [apiv2][body] GET https://www.gstatic.com/firebasejs/9.17.1/firebase-storage-compat.js.map [stream]
[debug] [2023-02-09T22:18:14.653Z] <<< [apiv2][status] GET https://www.gstatic.com/firebasejs/9.17.1/firebase-app-compat.js.map 200
[debug] [2023-02-09T22:18:14.653Z] <<< [apiv2][body] GET https://www.gstatic.com/firebasejs/9.17.1/firebase-app-compat.js.map [stream]
[info] i  hosting: ::1 - - [09/Feb/2023:22:18:14 +0000] "GET /__/firebase/9.17.1/firebase-functions-compat.js.map HTTP/1.1" 200 54345 "http://localhost:5000/" "Mozilla/5.0 (Macintosh; Intel Mac OS X 10_15_7) AppleWebKit/605.1.15 (KHTML, like Gecko) Version/15.6 Safari/605.1.15" {"metadata":{"emulator":{"name":"hosting"},"message":"::1 - - [09/Feb/2023:22:18:14 +0000] \"GET /__/firebase/9.17.1/firebase-functions-compat.js.map HTTP/1.1\" 200 54345 \"http://localhost:5000/\" \"Mozilla/5.0 (Macintosh; Intel Mac OS X 10_15_7) AppleWebKit/605.1.15 (KHTML, like Gecko) Version/15.6 Safari/605.1.15\""}}
[info] i  hosting: ::1 - - [09/Feb/2023:22:18:14 +0000] "GET /__/firebase/9.17.1/firebase-app-compat.js.map HTTP/1.1" 200 179953 "http://localhost:5000/" "Mozilla/5.0 (Macintosh; Intel Mac OS X 10_15_7) AppleWebKit/605.1.15 (KHTML, like Gecko) Version/15.6 Safari/605.1.15" {"metadata":{"emulator":{"name":"hosting"},"message":"::1 - - [09/Feb/2023:22:18:14 +0000] \"GET /__/firebase/9.17.1/firebase-app-compat.js.map HTTP/1.1\" 200 179953 \"http://localhost:5000/\" \"Mozilla/5.0 (Macintosh; Intel Mac OS X 10_15_7) AppleWebKit/605.1.15 (KHTML, like Gecko) Version/15.6 Safari/605.1.15\""}}
[debug] [2023-02-09T22:18:14.695Z] >>> [apiv2][query] GET https://www.gstatic.com/firebasejs/9.17.1/firebase-performance-compat.js.map [none]
[debug] [2023-02-09T22:18:14.696Z] <<< [apiv2][status] GET https://www.gstatic.com/firebasejs/9.17.1/firebase-firestore-compat.js.map 200
[debug] [2023-02-09T22:18:14.696Z] <<< [apiv2][body] GET https://www.gstatic.com/firebasejs/9.17.1/firebase-firestore-compat.js.map [stream]
[info] i  hosting: ::1 - - [09/Feb/2023:22:18:14 +0000] "GET /__/firebase/9.17.1/firebase-analytics-compat.js.map HTTP/1.1" 200 198009 "http://localhost:5000/" "Mozilla/5.0 (Macintosh; Intel Mac OS X 10_15_7) AppleWebKit/605.1.15 (KHTML, like Gecko) Version/15.6 Safari/605.1.15" {"metadata":{"emulator":{"name":"hosting"},"message":"::1 - - [09/Feb/2023:22:18:14 +0000] \"GET /__/firebase/9.17.1/firebase-analytics-compat.js.map HTTP/1.1\" 200 198009 \"http://localhost:5000/\" \"Mozilla/5.0 (Macintosh; Intel Mac OS X 10_15_7) AppleWebKit/605.1.15 (KHTML, like Gecko) Version/15.6 Safari/605.1.15\""}}
[info] i  hosting: ::1 - - [09/Feb/2023:22:18:14 +0000] "GET /__/firebase/9.17.1/firebase-storage-compat.js.map HTTP/1.1" 200 272135 "http://localhost:5000/" "Mozilla/5.0 (Macintosh; Intel Mac OS X 10_15_7) AppleWebKit/605.1.15 (KHTML, like Gecko) Version/15.6 Safari/605.1.15" {"metadata":{"emulator":{"name":"hosting"},"message":"::1 - - [09/Feb/2023:22:18:14 +0000] \"GET /__/firebase/9.17.1/firebase-storage-compat.js.map HTTP/1.1\" 200 272135 \"http://localhost:5000/\" \"Mozilla/5.0 (Macintosh; Intel Mac OS X 10_15_7) AppleWebKit/605.1.15 (KHTML, like Gecko) Version/15.6 Safari/605.1.15\""}}
[debug] [2023-02-09T22:18:14.705Z] >>> [apiv2][query] GET https://www.gstatic.com/firebasejs/9.17.1/firebase-remote-config-compat.js.map [none]
[debug] [2023-02-09T22:18:14.709Z] >>> [apiv2][query] GET https://www.gstatic.com/firebasejs/9.17.1/firebase-messaging-compat.js.map [none]
[debug] [2023-02-09T22:18:14.709Z] >>> [apiv2][query] GET https://www.gstatic.com/firebasejs/9.17.1/firebase-database-compat.js.map [none]
[info] i  hosting: ::1 - - [09/Feb/2023:22:18:14 +0000] "GET /__/firebase/9.17.1/firebase-auth-compat.js.map HTTP/1.1" 200 763143 "http://localhost:5000/" "Mozilla/5.0 (Macintosh; Intel Mac OS X 10_15_7) AppleWebKit/605.1.15 (KHTML, like Gecko) Version/15.6 Safari/605.1.15" {"metadata":{"emulator":{"name":"hosting"},"message":"::1 - - [09/Feb/2023:22:18:14 +0000] \"GET /__/firebase/9.17.1/firebase-auth-compat.js.map HTTP/1.1\" 200 763143 \"http://localhost:5000/\" \"Mozilla/5.0 (Macintosh; Intel Mac OS X 10_15_7) AppleWebKit/605.1.15 (KHTML, like Gecko) Version/15.6 Safari/605.1.15\""}}
[debug] [2023-02-09T22:18:14.763Z] <<< [apiv2][status] GET https://www.gstatic.com/firebasejs/9.17.1/firebase-performance-compat.js.map 200
[debug] [2023-02-09T22:18:14.764Z] <<< [apiv2][body] GET https://www.gstatic.com/firebasejs/9.17.1/firebase-performance-compat.js.map [stream]
[debug] [2023-02-09T22:18:14.770Z] <<< [apiv2][status] GET https://www.gstatic.com/firebasejs/9.17.1/firebase-remote-config-compat.js.map 200
[debug] [2023-02-09T22:18:14.770Z] <<< [apiv2][body] GET https://www.gstatic.com/firebasejs/9.17.1/firebase-remote-config-compat.js.map [stream]
[debug] [2023-02-09T22:18:14.774Z] <<< [apiv2][status] GET https://www.gstatic.com/firebasejs/9.17.1/firebase-messaging-compat.js.map 200
[debug] [2023-02-09T22:18:14.774Z] <<< [apiv2][body] GET https://www.gstatic.com/firebasejs/9.17.1/firebase-messaging-compat.js.map [stream]
[info] i  hosting: ::1 - - [09/Feb/2023:22:18:14 +0000] "GET /__/firebase/9.17.1/firebase-remote-config-compat.js.map HTTP/1.1" 200 182502 "http://localhost:5000/" "Mozilla/5.0 (Macintosh; Intel Mac OS X 10_15_7) AppleWebKit/605.1.15 (KHTML, like Gecko) Version/15.6 Safari/605.1.15" {"metadata":{"emulator":{"name":"hosting"},"message":"::1 - - [09/Feb/2023:22:18:14 +0000] \"GET /__/firebase/9.17.1/firebase-remote-config-compat.js.map HTTP/1.1\" 200 182502 \"http://localhost:5000/\" \"Mozilla/5.0 (Macintosh; Intel Mac OS X 10_15_7) AppleWebKit/605.1.15 (KHTML, like Gecko) Version/15.6 Safari/605.1.15\""}}
[info] i  hosting: ::1 - - [09/Feb/2023:22:18:14 +0000] "GET /__/firebase/9.17.1/firebase-performance-compat.js.map HTTP/1.1" 200 199972 "http://localhost:5000/" "Mozilla/5.0 (Macintosh; Intel Mac OS X 10_15_7) AppleWebKit/605.1.15 (KHTML, like Gecko) Version/15.6 Safari/605.1.15" {"metadata":{"emulator":{"name":"hosting"},"message":"::1 - - [09/Feb/2023:22:18:14 +0000] \"GET /__/firebase/9.17.1/firebase-performance-compat.js.map HTTP/1.1\" 200 199972 \"http://localhost:5000/\" \"Mozilla/5.0 (Macintosh; Intel Mac OS X 10_15_7) AppleWebKit/605.1.15 (KHTML, like Gecko) Version/15.6 Safari/605.1.15\""}}
[info] i  hosting: ::1 - - [09/Feb/2023:22:18:14 +0000] "GET /__/firebase/9.17.1/firebase-messaging-compat.js.map HTTP/1.1" 200 205524 "http://localhost:5000/" "Mozilla/5.0 (Macintosh; Intel Mac OS X 10_15_7) AppleWebKit/605.1.15 (KHTML, like Gecko) Version/15.6 Safari/605.1.15" {"metadata":{"emulator":{"name":"hosting"},"message":"::1 - - [09/Feb/2023:22:18:14 +0000] \"GET /__/firebase/9.17.1/firebase-messaging-compat.js.map HTTP/1.1\" 200 205524 \"http://localhost:5000/\" \"Mozilla/5.0 (Macintosh; Intel Mac OS X 10_15_7) AppleWebKit/605.1.15 (KHTML, like Gecko) Version/15.6 Safari/605.1.15\""}}
[debug] [2023-02-09T22:18:14.870Z] <<< [apiv2][status] GET https://www.gstatic.com/firebasejs/9.17.1/firebase-database-compat.js.map 200
[debug] [2023-02-09T22:18:14.870Z] <<< [apiv2][body] GET https://www.gstatic.com/firebasejs/9.17.1/firebase-database-compat.js.map [stream]
[info] i  hosting: ::1 - - [09/Feb/2023:22:18:14 +0000] "GET /__/firebase/9.17.1/firebase-firestore-compat.js.map HTTP/1.1" 200 2336227 "http://localhost:5000/" "Mozilla/5.0 (Macintosh; Intel Mac OS X 10_15_7) AppleWebKit/605.1.15 (KHTML, like Gecko) Version/15.6 Safari/605.1.15" {"metadata":{"emulator":{"name":"hosting"},"message":"::1 - - [09/Feb/2023:22:18:14 +0000] \"GET /__/firebase/9.17.1/firebase-firestore-compat.js.map HTTP/1.1\" 200 2336227 \"http://localhost:5000/\" \"Mozilla/5.0 (Macintosh; Intel Mac OS X 10_15_7) AppleWebKit/605.1.15 (KHTML, like Gecko) Version/15.6 Safari/605.1.15\""}}
[info] i  hosting: ::1 - - [09/Feb/2023:22:18:15 +0000] "GET /__/firebase/9.17.1/firebase-database-compat.js.map HTTP/1.1" 200 1006832 "http://localhost:5000/" "Mozilla/5.0 (Macintosh; Intel Mac OS X 10_15_7) AppleWebKit/605.1.15 (KHTML, like Gecko) Version/15.6 Safari/605.1.15" {"metadata":{"emulator":{"name":"hosting"},"message":"::1 - - [09/Feb/2023:22:18:15 +0000] \"GET /__/firebase/9.17.1/firebase-database-compat.js.map HTTP/1.1\" 200 1006832 \"http://localhost:5000/\" \"Mozilla/5.0 (Macintosh; Intel Mac OS X 10_15_7) AppleWebKit/605.1.15 (KHTML, like Gecko) Version/15.6 Safari/605.1.15\""}}
[info] i  hosting: ::1 - - [09/Feb/2023:22:18:46 +0000] "GET / HTTP/1.1" 200 - "-" "Mozilla/5.0 (Macintosh; Intel Mac OS X 10_15_7) AppleWebKit/605.1.15 (KHTML, like Gecko) Version/15.6 Safari/605.1.15" {"metadata":{"emulator":{"name":"hosting"},"message":"::1 - - [09/Feb/2023:22:18:46 +0000] \"GET / HTTP/1.1\" 200 - \"-\" \"Mozilla/5.0 (Macintosh; Intel Mac OS X 10_15_7) AppleWebKit/605.1.15 (KHTML, like Gecko) Version/15.6 Safari/605.1.15\""}}
[info] i  hosting: ::1 - - [09/Feb/2023:22:18:46 +0000] "GET /__/firebase/init.js?useEmulator=true HTTP/1.1" 200 - "http://localhost:5000/" "Mozilla/5.0 (Macintosh; Intel Mac OS X 10_15_7) AppleWebKit/605.1.15 (KHTML, like Gecko) Version/15.6 Safari/605.1.15" {"metadata":{"emulator":{"name":"hosting"},"message":"::1 - - [09/Feb/2023:22:18:46 +0000] \"GET /__/firebase/init.js?useEmulator=true HTTP/1.1\" 200 - \"http://localhost:5000/\" \"Mozilla/5.0 (Macintosh; Intel Mac OS X 10_15_7) AppleWebKit/605.1.15 (KHTML, like Gecko) Version/15.6 Safari/605.1.15\""}}
[info] i  hosting: ::1 - - [09/Feb/2023:22:18:46 +0000] "GET /app.js HTTP/1.1" 200 227 "http://localhost:5000/" "Mozilla/5.0 (Macintosh; Intel Mac OS X 10_15_7) AppleWebKit/605.1.15 (KHTML, like Gecko) Version/15.6 Safari/605.1.15" {"metadata":{"emulator":{"name":"hosting"},"message":"::1 - - [09/Feb/2023:22:18:46 +0000] \"GET /app.js HTTP/1.1\" 200 227 \"http://localhost:5000/\" \"Mozilla/5.0 (Macintosh; Intel Mac OS X 10_15_7) AppleWebKit/605.1.15 (KHTML, like Gecko) Version/15.6 Safari/605.1.15\""}}
[info] i  hosting: ::1 - - [09/Feb/2023:22:18:47 +0000] "GET / HTTP/1.1" 200 - "-" "Mozilla/5.0 (Macintosh; Intel Mac OS X 10_15_7) AppleWebKit/605.1.15 (KHTML, like Gecko) Version/15.6 Safari/605.1.15" {"metadata":{"emulator":{"name":"hosting"},"message":"::1 - - [09/Feb/2023:22:18:47 +0000] \"GET / HTTP/1.1\" 200 - \"-\" \"Mozilla/5.0 (Macintosh; Intel Mac OS X 10_15_7) AppleWebKit/605.1.15 (KHTML, like Gecko) Version/15.6 Safari/605.1.15\""}}
[info] i  hosting: ::1 - - [09/Feb/2023:22:18:47 +0000] "GET /__/firebase/init.js?useEmulator=true HTTP/1.1" 200 - "http://localhost:5000/" "Mozilla/5.0 (Macintosh; Intel Mac OS X 10_15_7) AppleWebKit/605.1.15 (KHTML, like Gecko) Version/15.6 Safari/605.1.15" {"metadata":{"emulator":{"name":"hosting"},"message":"::1 - - [09/Feb/2023:22:18:47 +0000] \"GET /__/firebase/init.js?useEmulator=true HTTP/1.1\" 200 - \"http://localhost:5000/\" \"Mozilla/5.0 (Macintosh; Intel Mac OS X 10_15_7) AppleWebKit/605.1.15 (KHTML, like Gecko) Version/15.6 Safari/605.1.15\""}}
[info] i  hosting: ::1 - - [09/Feb/2023:22:19:24 +0000] "GET / HTTP/1.1" 200 - "-" "Mozilla/5.0 (Macintosh; Intel Mac OS X 10_15_7) AppleWebKit/605.1.15 (KHTML, like Gecko) Version/15.6 Safari/605.1.15" {"metadata":{"emulator":{"name":"hosting"},"message":"::1 - - [09/Feb/2023:22:19:24 +0000] \"GET / HTTP/1.1\" 200 - \"-\" \"Mozilla/5.0 (Macintosh; Intel Mac OS X 10_15_7) AppleWebKit/605.1.15 (KHTML, like Gecko) Version/15.6 Safari/605.1.15\""}}
[info] i  hosting: ::1 - - [09/Feb/2023:22:19:25 +0000] "GET /__/firebase/init.js?useEmulator=true HTTP/1.1" 200 - "http://localhost:5000/" "Mozilla/5.0 (Macintosh; Intel Mac OS X 10_15_7) AppleWebKit/605.1.15 (KHTML, like Gecko) Version/15.6 Safari/605.1.15" {"metadata":{"emulator":{"name":"hosting"},"message":"::1 - - [09/Feb/2023:22:19:25 +0000] \"GET /__/firebase/init.js?useEmulator=true HTTP/1.1\" 200 - \"http://localhost:5000/\" \"Mozilla/5.0 (Macintosh; Intel Mac OS X 10_15_7) AppleWebKit/605.1.15 (KHTML, like Gecko) Version/15.6 Safari/605.1.15\""}}
[info] i  hosting: ::1 - - [09/Feb/2023:22:19:25 +0000] "GET /app.js HTTP/1.1" 200 249 "http://localhost:5000/" "Mozilla/5.0 (Macintosh; Intel Mac OS X 10_15_7) AppleWebKit/605.1.15 (KHTML, like Gecko) Version/15.6 Safari/605.1.15" {"metadata":{"emulator":{"name":"hosting"},"message":"::1 - - [09/Feb/2023:22:19:25 +0000] \"GET /app.js HTTP/1.1\" 200 249 \"http://localhost:5000/\" \"Mozilla/5.0 (Macintosh; Intel Mac OS X 10_15_7) AppleWebKit/605.1.15 (KHTML, like Gecko) Version/15.6 Safari/605.1.15\""}}
[info] i  hosting: ::1 - - [09/Feb/2023:22:19:25 +0000] "GET / HTTP/1.1" 200 - "-" "Mozilla/5.0 (Macintosh; Intel Mac OS X 10_15_7) AppleWebKit/605.1.15 (KHTML, like Gecko) Version/15.6 Safari/605.1.15" {"metadata":{"emulator":{"name":"hosting"},"message":"::1 - - [09/Feb/2023:22:19:25 +0000] \"GET / HTTP/1.1\" 200 - \"-\" \"Mozilla/5.0 (Macintosh; Intel Mac OS X 10_15_7) AppleWebKit/605.1.15 (KHTML, like Gecko) Version/15.6 Safari/605.1.15\""}}
[info] i  hosting: ::1 - - [09/Feb/2023:22:19:25 +0000] "GET /__/firebase/init.js?useEmulator=true HTTP/1.1" 200 - "http://localhost:5000/" "Mozilla/5.0 (Macintosh; Intel Mac OS X 10_15_7) AppleWebKit/605.1.15 (KHTML, like Gecko) Version/15.6 Safari/605.1.15" {"metadata":{"emulator":{"name":"hosting"},"message":"::1 - - [09/Feb/2023:22:19:25 +0000] \"GET /__/firebase/init.js?useEmulator=true HTTP/1.1\" 200 - \"http://localhost:5000/\" \"Mozilla/5.0 (Macintosh; Intel Mac OS X 10_15_7) AppleWebKit/605.1.15 (KHTML, like Gecko) Version/15.6 Safari/605.1.15\""}}
[info] i  hosting: ::1 - - [09/Feb/2023:22:19:25 +0000] "GET /app.js HTTP/1.1" 200 249 "http://localhost:5000/" "Mozilla/5.0 (Macintosh; Intel Mac OS X 10_15_7) AppleWebKit/605.1.15 (KHTML, like Gecko) Version/15.6 Safari/605.1.15" {"metadata":{"emulator":{"name":"hosting"},"message":"::1 - - [09/Feb/2023:22:19:25 +0000] \"GET /app.js HTTP/1.1\" 200 249 \"http://localhost:5000/\" \"Mozilla/5.0 (Macintosh; Intel Mac OS X 10_15_7) AppleWebKit/605.1.15 (KHTML, like Gecko) Version/15.6 Safari/605.1.15\""}}
[info] i  hosting: ::1 - - [09/Feb/2023:22:19:49 +0000] "GET / HTTP/1.1" 200 - "-" "Mozilla/5.0 (Macintosh; Intel Mac OS X 10_15_7) AppleWebKit/605.1.15 (KHTML, like Gecko) Version/15.6 Safari/605.1.15" {"metadata":{"emulator":{"name":"hosting"},"message":"::1 - - [09/Feb/2023:22:19:49 +0000] \"GET / HTTP/1.1\" 200 - \"-\" \"Mozilla/5.0 (Macintosh; Intel Mac OS X 10_15_7) AppleWebKit/605.1.15 (KHTML, like Gecko) Version/15.6 Safari/605.1.15\""}}
[info] i  hosting: ::1 - - [09/Feb/2023:22:19:49 +0000] "GET /__/firebase/init.js?useEmulator=true HTTP/1.1" 200 - "http://localhost:5000/" "Mozilla/5.0 (Macintosh; Intel Mac OS X 10_15_7) AppleWebKit/605.1.15 (KHTML, like Gecko) Version/15.6 Safari/605.1.15" {"metadata":{"emulator":{"name":"hosting"},"message":"::1 - - [09/Feb/2023:22:19:49 +0000] \"GET /__/firebase/init.js?useEmulator=true HTTP/1.1\" 200 - \"http://localhost:5000/\" \"Mozilla/5.0 (Macintosh; Intel Mac OS X 10_15_7) AppleWebKit/605.1.15 (KHTML, like Gecko) Version/15.6 Safari/605.1.15\""}}
[info] i  hosting: ::1 - - [09/Feb/2023:22:19:49 +0000] "GET /app.js HTTP/1.1" 200 113 "http://localhost:5000/" "Mozilla/5.0 (Macintosh; Intel Mac OS X 10_15_7) AppleWebKit/605.1.15 (KHTML, like Gecko) Version/15.6 Safari/605.1.15" {"metadata":{"emulator":{"name":"hosting"},"message":"::1 - - [09/Feb/2023:22:19:49 +0000] \"GET /app.js HTTP/1.1\" 200 113 \"http://localhost:5000/\" \"Mozilla/5.0 (Macintosh; Intel Mac OS X 10_15_7) AppleWebKit/605.1.15 (KHTML, like Gecko) Version/15.6 Safari/605.1.15\""}}
[info] i  hosting: ::1 - - [09/Feb/2023:22:22:15 +0000] "GET / HTTP/1.1" 200 - "-" "Mozilla/5.0 (Macintosh; Intel Mac OS X 10_15_7) AppleWebKit/605.1.15 (KHTML, like Gecko) Version/15.6 Safari/605.1.15" {"metadata":{"emulator":{"name":"hosting"},"message":"::1 - - [09/Feb/2023:22:22:15 +0000] \"GET / HTTP/1.1\" 200 - \"-\" \"Mozilla/5.0 (Macintosh; Intel Mac OS X 10_15_7) AppleWebKit/605.1.15 (KHTML, like Gecko) Version/15.6 Safari/605.1.15\""}}
[info] i  hosting: ::1 - - [09/Feb/2023:22:22:15 +0000] "GET /__/firebase/init.js?useEmulator=true HTTP/1.1" 200 - "http://localhost:5000/" "Mozilla/5.0 (Macintosh; Intel Mac OS X 10_15_7) AppleWebKit/605.1.15 (KHTML, like Gecko) Version/15.6 Safari/605.1.15" {"metadata":{"emulator":{"name":"hosting"},"message":"::1 - - [09/Feb/2023:22:22:15 +0000] \"GET /__/firebase/init.js?useEmulator=true HTTP/1.1\" 200 - \"http://localhost:5000/\" \"Mozilla/5.0 (Macintosh; Intel Mac OS X 10_15_7) AppleWebKit/605.1.15 (KHTML, like Gecko) Version/15.6 Safari/605.1.15\""}}
[info] i  hosting: ::1 - - [09/Feb/2023:22:22:15 +0000] "GET /app.js HTTP/1.1" 200 245 "http://localhost:5000/" "Mozilla/5.0 (Macintosh; Intel Mac OS X 10_15_7) AppleWebKit/605.1.15 (KHTML, like Gecko) Version/15.6 Safari/605.1.15" {"metadata":{"emulator":{"name":"hosting"},"message":"::1 - - [09/Feb/2023:22:22:15 +0000] \"GET /app.js HTTP/1.1\" 200 245 \"http://localhost:5000/\" \"Mozilla/5.0 (Macintosh; Intel Mac OS X 10_15_7) AppleWebKit/605.1.15 (KHTML, like Gecko) Version/15.6 Safari/605.1.15\""}}
[info] i  hosting: ::1 - - [09/Feb/2023:22:27:12 +0000] "GET / HTTP/1.1" 200 - "-" "Mozilla/5.0 (Macintosh; Intel Mac OS X 10_15_7) AppleWebKit/605.1.15 (KHTML, like Gecko) Version/15.6 Safari/605.1.15" {"metadata":{"emulator":{"name":"hosting"},"message":"::1 - - [09/Feb/2023:22:27:12 +0000] \"GET / HTTP/1.1\" 200 - \"-\" \"Mozilla/5.0 (Macintosh; Intel Mac OS X 10_15_7) AppleWebKit/605.1.15 (KHTML, like Gecko) Version/15.6 Safari/605.1.15\""}}
[info] i  hosting: ::1 - - [09/Feb/2023:22:27:12 +0000] "GET /__/firebase/init.js?useEmulator=true HTTP/1.1" 200 - "http://localhost:5000/" "Mozilla/5.0 (Macintosh; Intel Mac OS X 10_15_7) AppleWebKit/605.1.15 (KHTML, like Gecko) Version/15.6 Safari/605.1.15" {"metadata":{"emulator":{"name":"hosting"},"message":"::1 - - [09/Feb/2023:22:27:12 +0000] \"GET /__/firebase/init.js?useEmulator=true HTTP/1.1\" 200 - \"http://localhost:5000/\" \"Mozilla/5.0 (Macintosh; Intel Mac OS X 10_15_7) AppleWebKit/605.1.15 (KHTML, like Gecko) Version/15.6 Safari/605.1.15\""}}
[info] i  hosting: ::1 - - [09/Feb/2023:22:27:12 +0000] "GET /app.js HTTP/1.1" 200 419 "http://localhost:5000/" "Mozilla/5.0 (Macintosh; Intel Mac OS X 10_15_7) AppleWebKit/605.1.15 (KHTML, like Gecko) Version/15.6 Safari/605.1.15" {"metadata":{"emulator":{"name":"hosting"},"message":"::1 - - [09/Feb/2023:22:27:12 +0000] \"GET /app.js HTTP/1.1\" 200 419 \"http://localhost:5000/\" \"Mozilla/5.0 (Macintosh; Intel Mac OS X 10_15_7) AppleWebKit/605.1.15 (KHTML, like Gecko) Version/15.6 Safari/605.1.15\""}}
[info] i  hosting: ::1 - - [09/Feb/2023:22:29:09 +0000] "GET / HTTP/1.1" 200 - "-" "Mozilla/5.0 (Macintosh; Intel Mac OS X 10_15_7) AppleWebKit/537.36 (KHTML, like Gecko) Chrome/109.0.0.0 Safari/537.36" {"metadata":{"emulator":{"name":"hosting"},"message":"::1 - - [09/Feb/2023:22:29:09 +0000] \"GET / HTTP/1.1\" 200 - \"-\" \"Mozilla/5.0 (Macintosh; Intel Mac OS X 10_15_7) AppleWebKit/537.36 (KHTML, like Gecko) Chrome/109.0.0.0 Safari/537.36\""}}
[debug] [2023-02-09T22:29:09.260Z] >>> [apiv2][query] GET https://www.gstatic.com/firebasejs/9.17.1/firebase-app-compat.js [none]
[debug] [2023-02-09T22:29:09.271Z] >>> [apiv2][query] GET https://www.gstatic.com/firebasejs/9.17.1/firebase-auth-compat.js [none]
[info] i  hosting: ::1 - - [09/Feb/2023:22:29:09 +0000] "GET /app.js HTTP/1.1" 200 418 "http://localhost:5000/" "Mozilla/5.0 (Macintosh; Intel Mac OS X 10_15_7) AppleWebKit/537.36 (KHTML, like Gecko) Chrome/109.0.0.0 Safari/537.36" {"metadata":{"emulator":{"name":"hosting"},"message":"::1 - - [09/Feb/2023:22:29:09 +0000] \"GET /app.js HTTP/1.1\" 200 418 \"http://localhost:5000/\" \"Mozilla/5.0 (Macintosh; Intel Mac OS X 10_15_7) AppleWebKit/537.36 (KHTML, like Gecko) Chrome/109.0.0.0 Safari/537.36\""}}
[debug] [2023-02-09T22:29:09.314Z] >>> [apiv2][query] GET https://www.gstatic.com/firebasejs/9.17.1/firebase-database-compat.js [none]
[debug] [2023-02-09T22:29:09.317Z] >>> [apiv2][query] GET https://www.gstatic.com/firebasejs/9.17.1/firebase-firestore-compat.js [none]
[debug] [2023-02-09T22:29:09.322Z] >>> [apiv2][query] GET https://www.gstatic.com/firebasejs/9.17.1/firebase-functions-compat.js [none]
[debug] [2023-02-09T22:29:09.323Z] >>> [apiv2][query] GET https://www.gstatic.com/firebasejs/9.17.1/firebase-messaging-compat.js [none]
[debug] [2023-02-09T22:29:09.415Z] <<< [apiv2][status] GET https://www.gstatic.com/firebasejs/9.17.1/firebase-app-compat.js 200
[debug] [2023-02-09T22:29:09.415Z] <<< [apiv2][body] GET https://www.gstatic.com/firebasejs/9.17.1/firebase-app-compat.js [stream]
[debug] [2023-02-09T22:29:09.433Z] <<< [apiv2][status] GET https://www.gstatic.com/firebasejs/9.17.1/firebase-auth-compat.js 200
[debug] [2023-02-09T22:29:09.433Z] <<< [apiv2][body] GET https://www.gstatic.com/firebasejs/9.17.1/firebase-auth-compat.js [stream]
[info] i  hosting: ::1 - - [09/Feb/2023:22:29:09 +0000] "GET /__/firebase/9.17.1/firebase-app-compat.js HTTP/1.1" 200 28790 "http://localhost:5000/" "Mozilla/5.0 (Macintosh; Intel Mac OS X 10_15_7) AppleWebKit/537.36 (KHTML, like Gecko) Chrome/109.0.0.0 Safari/537.36" {"metadata":{"emulator":{"name":"hosting"},"message":"::1 - - [09/Feb/2023:22:29:09 +0000] \"GET /__/firebase/9.17.1/firebase-app-compat.js HTTP/1.1\" 200 28790 \"http://localhost:5000/\" \"Mozilla/5.0 (Macintosh; Intel Mac OS X 10_15_7) AppleWebKit/537.36 (KHTML, like Gecko) Chrome/109.0.0.0 Safari/537.36\""}}
[info] i  hosting: ::1 - - [09/Feb/2023:22:29:09 +0000] "GET /__/firebase/9.17.1/firebase-auth-compat.js HTTP/1.1" 200 36304 "http://localhost:5000/" "Mozilla/5.0 (Macintosh; Intel Mac OS X 10_15_7) AppleWebKit/537.36 (KHTML, like Gecko) Chrome/109.0.0.0 Safari/537.36" {"metadata":{"emulator":{"name":"hosting"},"message":"::1 - - [09/Feb/2023:22:29:09 +0000] \"GET /__/firebase/9.17.1/firebase-auth-compat.js HTTP/1.1\" 200 36304 \"http://localhost:5000/\" \"Mozilla/5.0 (Macintosh; Intel Mac OS X 10_15_7) AppleWebKit/537.36 (KHTML, like Gecko) Chrome/109.0.0.0 Safari/537.36\""}}
[debug] [2023-02-09T22:29:09.456Z] <<< [apiv2][status] GET https://www.gstatic.com/firebasejs/9.17.1/firebase-messaging-compat.js 200
[debug] [2023-02-09T22:29:09.456Z] <<< [apiv2][body] GET https://www.gstatic.com/firebasejs/9.17.1/firebase-messaging-compat.js [stream]
[info] i  hosting: ::1 - - [09/Feb/2023:22:29:09 +0000] "GET /__/firebase/9.17.1/firebase-messaging-compat.js HTTP/1.1" 200 9925 "http://localhost:5000/" "Mozilla/5.0 (Macintosh; Intel Mac OS X 10_15_7) AppleWebKit/537.36 (KHTML, like Gecko) Chrome/109.0.0.0 Safari/537.36" {"metadata":{"emulator":{"name":"hosting"},"message":"::1 - - [09/Feb/2023:22:29:09 +0000] \"GET /__/firebase/9.17.1/firebase-messaging-compat.js HTTP/1.1\" 200 9925 \"http://localhost:5000/\" \"Mozilla/5.0 (Macintosh; Intel Mac OS X 10_15_7) AppleWebKit/537.36 (KHTML, like Gecko) Chrome/109.0.0.0 Safari/537.36\""}}
[debug] [2023-02-09T22:29:09.458Z] <<< [apiv2][status] GET https://www.gstatic.com/firebasejs/9.17.1/firebase-firestore-compat.js 200
[debug] [2023-02-09T22:29:09.459Z] <<< [apiv2][body] GET https://www.gstatic.com/firebasejs/9.17.1/firebase-firestore-compat.js [stream]
[debug] [2023-02-09T22:29:09.460Z] <<< [apiv2][status] GET https://www.gstatic.com/firebasejs/9.17.1/firebase-functions-compat.js 200
[debug] [2023-02-09T22:29:09.460Z] <<< [apiv2][body] GET https://www.gstatic.com/firebasejs/9.17.1/firebase-functions-compat.js [stream]
[info] i  hosting: ::1 - - [09/Feb/2023:22:29:09 +0000] "GET /__/firebase/9.17.1/firebase-functions-compat.js HTTP/1.1" 200 8116 "http://localhost:5000/" "Mozilla/5.0 (Macintosh; Intel Mac OS X 10_15_7) AppleWebKit/537.36 (KHTML, like Gecko) Chrome/109.0.0.0 Safari/537.36" {"metadata":{"emulator":{"name":"hosting"},"message":"::1 - - [09/Feb/2023:22:29:09 +0000] \"GET /__/firebase/9.17.1/firebase-functions-compat.js HTTP/1.1\" 200 8116 \"http://localhost:5000/\" \"Mozilla/5.0 (Macintosh; Intel Mac OS X 10_15_7) AppleWebKit/537.36 (KHTML, like Gecko) Chrome/109.0.0.0 Safari/537.36\""}}
[debug] [2023-02-09T22:29:09.461Z] <<< [apiv2][status] GET https://www.gstatic.com/firebasejs/9.17.1/firebase-database-compat.js 200
[debug] [2023-02-09T22:29:09.464Z] <<< [apiv2][body] GET https://www.gstatic.com/firebasejs/9.17.1/firebase-database-compat.js [stream]
[debug] [2023-02-09T22:29:09.466Z] >>> [apiv2][query] GET https://www.gstatic.com/firebasejs/9.17.1/firebase-storage-compat.js [none]
[debug] [2023-02-09T22:29:09.466Z] >>> [apiv2][query] GET https://www.gstatic.com/firebasejs/9.17.1/firebase-analytics-compat.js [none]
[debug] [2023-02-09T22:29:09.476Z] >>> [apiv2][query] GET https://www.gstatic.com/firebasejs/9.17.1/firebase-remote-config-compat.js [none]
[debug] [2023-02-09T22:29:09.477Z] <<< [apiv2][status] GET https://www.gstatic.com/firebasejs/9.17.1/firebase-storage-compat.js 200
[debug] [2023-02-09T22:29:09.477Z] <<< [apiv2][body] GET https://www.gstatic.com/firebasejs/9.17.1/firebase-storage-compat.js [stream]
[debug] [2023-02-09T22:29:09.478Z] <<< [apiv2][status] GET https://www.gstatic.com/firebasejs/9.17.1/firebase-analytics-compat.js 200
[debug] [2023-02-09T22:29:09.478Z] <<< [apiv2][body] GET https://www.gstatic.com/firebasejs/9.17.1/firebase-analytics-compat.js [stream]
[debug] [2023-02-09T22:29:09.481Z] >>> [apiv2][query] GET https://www.gstatic.com/firebasejs/9.17.1/firebase-performance-compat.js [none]
[info] i  hosting: ::1 - - [09/Feb/2023:22:29:09 +0000] "GET /__/firebase/9.17.1/firebase-analytics-compat.js HTTP/1.1" 200 25820 "http://localhost:5000/" "Mozilla/5.0 (Macintosh; Intel Mac OS X 10_15_7) AppleWebKit/537.36 (KHTML, like Gecko) Chrome/109.0.0.0 Safari/537.36" {"metadata":{"emulator":{"name":"hosting"},"message":"::1 - - [09/Feb/2023:22:29:09 +0000] \"GET /__/firebase/9.17.1/firebase-analytics-compat.js HTTP/1.1\" 200 25820 \"http://localhost:5000/\" \"Mozilla/5.0 (Macintosh; Intel Mac OS X 10_15_7) AppleWebKit/537.36 (KHTML, like Gecko) Chrome/109.0.0.0 Safari/537.36\""}}
[info] i  hosting: ::1 - - [09/Feb/2023:22:29:09 +0000] "GET /__/firebase/init.js?useEmulator=true HTTP/1.1" 200 - "http://localhost:5000/" "Mozilla/5.0 (Macintosh; Intel Mac OS X 10_15_7) AppleWebKit/537.36 (KHTML, like Gecko) Chrome/109.0.0.0 Safari/537.36" {"metadata":{"emulator":{"name":"hosting"},"message":"::1 - - [09/Feb/2023:22:29:09 +0000] \"GET /__/firebase/init.js?useEmulator=true HTTP/1.1\" 200 - \"http://localhost:5000/\" \"Mozilla/5.0 (Macintosh; Intel Mac OS X 10_15_7) AppleWebKit/537.36 (KHTML, like Gecko) Chrome/109.0.0.0 Safari/537.36\""}}
[info] i  hosting: ::1 - - [09/Feb/2023:22:29:09 +0000] "GET /__/firebase/9.17.1/firebase-database-compat.js HTTP/1.1" 200 165553 "http://localhost:5000/" "Mozilla/5.0 (Macintosh; Intel Mac OS X 10_15_7) AppleWebKit/537.36 (KHTML, like Gecko) Chrome/109.0.0.0 Safari/537.36" {"metadata":{"emulator":{"name":"hosting"},"message":"::1 - - [09/Feb/2023:22:29:09 +0000] \"GET /__/firebase/9.17.1/firebase-database-compat.js HTTP/1.1\" 200 165553 \"http://localhost:5000/\" \"Mozilla/5.0 (Macintosh; Intel Mac OS X 10_15_7) AppleWebKit/537.36 (KHTML, like Gecko) Chrome/109.0.0.0 Safari/537.36\""}}
[info] i  hosting: ::1 - - [09/Feb/2023:22:29:09 +0000] "GET /__/firebase/9.17.1/firebase-storage-compat.js HTTP/1.1" 200 41214 "http://localhost:5000/" "Mozilla/5.0 (Macintosh; Intel Mac OS X 10_15_7) AppleWebKit/537.36 (KHTML, like Gecko) Chrome/109.0.0.0 Safari/537.36" {"metadata":{"emulator":{"name":"hosting"},"message":"::1 - - [09/Feb/2023:22:29:09 +0000] \"GET /__/firebase/9.17.1/firebase-storage-compat.js HTTP/1.1\" 200 41214 \"http://localhost:5000/\" \"Mozilla/5.0 (Macintosh; Intel Mac OS X 10_15_7) AppleWebKit/537.36 (KHTML, like Gecko) Chrome/109.0.0.0 Safari/537.36\""}}
[debug] [2023-02-09T22:29:09.492Z] <<< [apiv2][status] GET https://www.gstatic.com/firebasejs/9.17.1/firebase-remote-config-compat.js 200
[debug] [2023-02-09T22:29:09.492Z] <<< [apiv2][body] GET https://www.gstatic.com/firebasejs/9.17.1/firebase-remote-config-compat.js [stream]
[debug] [2023-02-09T22:29:09.494Z] <<< [apiv2][status] GET https://www.gstatic.com/firebasejs/9.17.1/firebase-performance-compat.js 200
[debug] [2023-02-09T22:29:09.494Z] <<< [apiv2][body] GET https://www.gstatic.com/firebasejs/9.17.1/firebase-performance-compat.js [stream]
[info] i  hosting: ::1 - - [09/Feb/2023:22:29:09 +0000] "GET /__/firebase/9.17.1/firebase-remote-config-compat.js HTTP/1.1" 200 27216 "http://localhost:5000/" "Mozilla/5.0 (Macintosh; Intel Mac OS X 10_15_7) AppleWebKit/537.36 (KHTML, like Gecko) Chrome/109.0.0.0 Safari/537.36" {"metadata":{"emulator":{"name":"hosting"},"message":"::1 - - [09/Feb/2023:22:29:09 +0000] \"GET /__/firebase/9.17.1/firebase-remote-config-compat.js HTTP/1.1\" 200 27216 \"http://localhost:5000/\" \"Mozilla/5.0 (Macintosh; Intel Mac OS X 10_15_7) AppleWebKit/537.36 (KHTML, like Gecko) Chrome/109.0.0.0 Safari/537.36\""}}
[info] i  hosting: ::1 - - [09/Feb/2023:22:29:09 +0000] "GET /__/firebase/9.17.1/firebase-performance-compat.js HTTP/1.1" 200 30748 "http://localhost:5000/" "Mozilla/5.0 (Macintosh; Intel Mac OS X 10_15_7) AppleWebKit/537.36 (KHTML, like Gecko) Chrome/109.0.0.0 Safari/537.36" {"metadata":{"emulator":{"name":"hosting"},"message":"::1 - - [09/Feb/2023:22:29:09 +0000] \"GET /__/firebase/9.17.1/firebase-performance-compat.js HTTP/1.1\" 200 30748 \"http://localhost:5000/\" \"Mozilla/5.0 (Macintosh; Intel Mac OS X 10_15_7) AppleWebKit/537.36 (KHTML, like Gecko) Chrome/109.0.0.0 Safari/537.36\""}}
[info] i  hosting: ::1 - - [09/Feb/2023:22:29:09 +0000] "GET /__/firebase/9.17.1/firebase-firestore-compat.js HTTP/1.1" 200 320620 "http://localhost:5000/" "Mozilla/5.0 (Macintosh; Intel Mac OS X 10_15_7) AppleWebKit/537.36 (KHTML, like Gecko) Chrome/109.0.0.0 Safari/537.36" {"metadata":{"emulator":{"name":"hosting"},"message":"::1 - - [09/Feb/2023:22:29:09 +0000] \"GET /__/firebase/9.17.1/firebase-firestore-compat.js HTTP/1.1\" 200 320620 \"http://localhost:5000/\" \"Mozilla/5.0 (Macintosh; Intel Mac OS X 10_15_7) AppleWebKit/537.36 (KHTML, like Gecko) Chrome/109.0.0.0 Safari/537.36\""}}
[info] i  hosting: ::1 - - [09/Feb/2023:22:29:09 +0000] "GET /favicon.ico HTTP/1.1" 200 - "http://localhost:5000/" "Mozilla/5.0 (Macintosh; Intel Mac OS X 10_15_7) AppleWebKit/537.36 (KHTML, like Gecko) Chrome/109.0.0.0 Safari/537.36" {"metadata":{"emulator":{"name":"hosting"},"message":"::1 - - [09/Feb/2023:22:29:09 +0000] \"GET /favicon.ico HTTP/1.1\" 200 - \"http://localhost:5000/\" \"Mozilla/5.0 (Macintosh; Intel Mac OS X 10_15_7) AppleWebKit/537.36 (KHTML, like Gecko) Chrome/109.0.0.0 Safari/537.36\""}}
[debug] [2023-02-09T22:29:23.438Z] >>> [apiv2][query] GET https://www.gstatic.com/firebasejs/9.17.1/firebase-database-compat.js.map [none]
[debug] [2023-02-09T22:29:23.443Z] >>> [apiv2][query] GET https://www.gstatic.com/firebasejs/9.17.1/firebase-app-compat.js.map [none]
[debug] [2023-02-09T22:29:23.448Z] >>> [apiv2][query] GET https://www.gstatic.com/firebasejs/9.17.1/firebase-auth-compat.js.map [none]
[debug] [2023-02-09T22:29:23.451Z] >>> [apiv2][query] GET https://www.gstatic.com/firebasejs/9.17.1/firebase-firestore-compat.js.map [none]
[debug] [2023-02-09T22:29:23.453Z] >>> [apiv2][query] GET https://www.gstatic.com/firebasejs/9.17.1/firebase-functions-compat.js.map [none]
[debug] [2023-02-09T22:29:23.456Z] >>> [apiv2][query] GET https://www.gstatic.com/firebasejs/9.17.1/firebase-messaging-compat.js.map [none]
[debug] [2023-02-09T22:29:23.492Z] <<< [apiv2][status] GET https://www.gstatic.com/firebasejs/9.17.1/firebase-messaging-compat.js.map 200
[debug] [2023-02-09T22:29:23.492Z] <<< [apiv2][body] GET https://www.gstatic.com/firebasejs/9.17.1/firebase-messaging-compat.js.map [stream]
[debug] [2023-02-09T22:29:23.493Z] <<< [apiv2][status] GET https://www.gstatic.com/firebasejs/9.17.1/firebase-database-compat.js.map 200
[debug] [2023-02-09T22:29:23.493Z] <<< [apiv2][body] GET https://www.gstatic.com/firebasejs/9.17.1/firebase-database-compat.js.map [stream]
[debug] [2023-02-09T22:29:23.494Z] <<< [apiv2][status] GET https://www.gstatic.com/firebasejs/9.17.1/firebase-app-compat.js.map 200
[debug] [2023-02-09T22:29:23.494Z] <<< [apiv2][body] GET https://www.gstatic.com/firebasejs/9.17.1/firebase-app-compat.js.map [stream]
[debug] [2023-02-09T22:29:23.495Z] <<< [apiv2][status] GET https://www.gstatic.com/firebasejs/9.17.1/firebase-auth-compat.js.map 200
[debug] [2023-02-09T22:29:23.495Z] <<< [apiv2][body] GET https://www.gstatic.com/firebasejs/9.17.1/firebase-auth-compat.js.map [stream]
[info] i  hosting: ::1 - - [09/Feb/2023:22:29:23 +0000] "GET /__/firebase/9.17.1/firebase-messaging-compat.js.map HTTP/1.1" 200 205524 "-" "Mozilla/5.0 (Macintosh; Intel Mac OS X 10_15_7) AppleWebKit/537.36 (KHTML, like Gecko) Chrome/109.0.0.0 Safari/537.36" {"metadata":{"emulator":{"name":"hosting"},"message":"::1 - - [09/Feb/2023:22:29:23 +0000] \"GET /__/firebase/9.17.1/firebase-messaging-compat.js.map HTTP/1.1\" 200 205524 \"-\" \"Mozilla/5.0 (Macintosh; Intel Mac OS X 10_15_7) AppleWebKit/537.36 (KHTML, like Gecko) Chrome/109.0.0.0 Safari/537.36\""}}
[debug] [2023-02-09T22:29:23.541Z] >>> [apiv2][query] GET https://www.gstatic.com/firebasejs/9.17.1/firebase-storage-compat.js.map [none]
[info] i  hosting: ::1 - - [09/Feb/2023:22:29:23 +0000] "GET /__/firebase/9.17.1/firebase-app-compat.js.map HTTP/1.1" 200 179953 "-" "Mozilla/5.0 (Macintosh; Intel Mac OS X 10_15_7) AppleWebKit/537.36 (KHTML, like Gecko) Chrome/109.0.0.0 Safari/537.36" {"metadata":{"emulator":{"name":"hosting"},"message":"::1 - - [09/Feb/2023:22:29:23 +0000] \"GET /__/firebase/9.17.1/firebase-app-compat.js.map HTTP/1.1\" 200 179953 \"-\" \"Mozilla/5.0 (Macintosh; Intel Mac OS X 10_15_7) AppleWebKit/537.36 (KHTML, like Gecko) Chrome/109.0.0.0 Safari/537.36\""}}
[debug] [2023-02-09T22:29:23.549Z] >>> [apiv2][query] GET https://www.gstatic.com/firebasejs/9.17.1/firebase-analytics-compat.js.map [none]
[debug] [2023-02-09T22:29:23.558Z] <<< [apiv2][status] GET https://www.gstatic.com/firebasejs/9.17.1/firebase-storage-compat.js.map 200
[debug] [2023-02-09T22:29:23.558Z] <<< [apiv2][body] GET https://www.gstatic.com/firebasejs/9.17.1/firebase-storage-compat.js.map [stream]
[debug] [2023-02-09T22:29:23.610Z] <<< [apiv2][status] GET https://www.gstatic.com/firebasejs/9.17.1/firebase-firestore-compat.js.map 200
[debug] [2023-02-09T22:29:23.610Z] <<< [apiv2][body] GET https://www.gstatic.com/firebasejs/9.17.1/firebase-firestore-compat.js.map [stream]
[info] i  hosting: ::1 - - [09/Feb/2023:22:29:23 +0000] "GET /__/firebase/9.17.1/firebase-storage-compat.js.map HTTP/1.1" 200 272135 "-" "Mozilla/5.0 (Macintosh; Intel Mac OS X 10_15_7) AppleWebKit/537.36 (KHTML, like Gecko) Chrome/109.0.0.0 Safari/537.36" {"metadata":{"emulator":{"name":"hosting"},"message":"::1 - - [09/Feb/2023:22:29:23 +0000] \"GET /__/firebase/9.17.1/firebase-storage-compat.js.map HTTP/1.1\" 200 272135 \"-\" \"Mozilla/5.0 (Macintosh; Intel Mac OS X 10_15_7) AppleWebKit/537.36 (KHTML, like Gecko) Chrome/109.0.0.0 Safari/537.36\""}}
[info] i  hosting: ::1 - - [09/Feb/2023:22:29:23 +0000] "GET /__/firebase/9.17.1/firebase-auth-compat.js.map HTTP/1.1" 200 763143 "-" "Mozilla/5.0 (Macintosh; Intel Mac OS X 10_15_7) AppleWebKit/537.36 (KHTML, like Gecko) Chrome/109.0.0.0 Safari/537.36" {"metadata":{"emulator":{"name":"hosting"},"message":"::1 - - [09/Feb/2023:22:29:23 +0000] \"GET /__/firebase/9.17.1/firebase-auth-compat.js.map HTTP/1.1\" 200 763143 \"-\" \"Mozilla/5.0 (Macintosh; Intel Mac OS X 10_15_7) AppleWebKit/537.36 (KHTML, like Gecko) Chrome/109.0.0.0 Safari/537.36\""}}
[debug] [2023-02-09T22:29:23.620Z] >>> [apiv2][query] GET https://www.gstatic.com/firebasejs/9.17.1/firebase-remote-config-compat.js.map [none]
[debug] [2023-02-09T22:29:23.620Z] >>> [apiv2][query] GET https://www.gstatic.com/firebasejs/9.17.1/firebase-performance-compat.js.map [none]
[debug] [2023-02-09T22:29:23.621Z] <<< [apiv2][status] GET https://www.gstatic.com/firebasejs/9.17.1/firebase-analytics-compat.js.map 200
[debug] [2023-02-09T22:29:23.621Z] <<< [apiv2][body] GET https://www.gstatic.com/firebasejs/9.17.1/firebase-analytics-compat.js.map [stream]
[debug] [2023-02-09T22:29:23.628Z] <<< [apiv2][status] GET https://www.gstatic.com/firebasejs/9.17.1/firebase-functions-compat.js.map 200
[debug] [2023-02-09T22:29:23.628Z] <<< [apiv2][body] GET https://www.gstatic.com/firebasejs/9.17.1/firebase-functions-compat.js.map [stream]
[debug] [2023-02-09T22:29:23.640Z] <<< [apiv2][status] GET https://www.gstatic.com/firebasejs/9.17.1/firebase-remote-config-compat.js.map 200
[debug] [2023-02-09T22:29:23.640Z] <<< [apiv2][body] GET https://www.gstatic.com/firebasejs/9.17.1/firebase-remote-config-compat.js.map [stream]
[debug] [2023-02-09T22:29:23.641Z] <<< [apiv2][status] GET https://www.gstatic.com/firebasejs/9.17.1/firebase-performance-compat.js.map 200
[debug] [2023-02-09T22:29:23.641Z] <<< [apiv2][body] GET https://www.gstatic.com/firebasejs/9.17.1/firebase-performance-compat.js.map [stream]
[info] i  hosting: ::1 - - [09/Feb/2023:22:29:23 +0000] "GET /__/firebase/9.17.1/firebase-remote-config-compat.js.map HTTP/1.1" 200 182502 "-" "Mozilla/5.0 (Macintosh; Intel Mac OS X 10_15_7) AppleWebKit/537.36 (KHTML, like Gecko) Chrome/109.0.0.0 Safari/537.36" {"metadata":{"emulator":{"name":"hosting"},"message":"::1 - - [09/Feb/2023:22:29:23 +0000] \"GET /__/firebase/9.17.1/firebase-remote-config-compat.js.map HTTP/1.1\" 200 182502 \"-\" \"Mozilla/5.0 (Macintosh; Intel Mac OS X 10_15_7) AppleWebKit/537.36 (KHTML, like Gecko) Chrome/109.0.0.0 Safari/537.36\""}}
[info] i  hosting: ::1 - - [09/Feb/2023:22:29:23 +0000] "GET /__/firebase/9.17.1/firebase-analytics-compat.js.map HTTP/1.1" 200 198009 "-" "Mozilla/5.0 (Macintosh; Intel Mac OS X 10_15_7) AppleWebKit/537.36 (KHTML, like Gecko) Chrome/109.0.0.0 Safari/537.36" {"metadata":{"emulator":{"name":"hosting"},"message":"::1 - - [09/Feb/2023:22:29:23 +0000] \"GET /__/firebase/9.17.1/firebase-analytics-compat.js.map HTTP/1.1\" 200 198009 \"-\" \"Mozilla/5.0 (Macintosh; Intel Mac OS X 10_15_7) AppleWebKit/537.36 (KHTML, like Gecko) Chrome/109.0.0.0 Safari/537.36\""}}
[info] i  hosting: ::1 - - [09/Feb/2023:22:29:23 +0000] "GET /__/firebase/9.17.1/firebase-functions-compat.js.map HTTP/1.1" 200 54345 "-" "Mozilla/5.0 (Macintosh; Intel Mac OS X 10_15_7) AppleWebKit/537.36 (KHTML, like Gecko) Chrome/109.0.0.0 Safari/537.36" {"metadata":{"emulator":{"name":"hosting"},"message":"::1 - - [09/Feb/2023:22:29:23 +0000] \"GET /__/firebase/9.17.1/firebase-functions-compat.js.map HTTP/1.1\" 200 54345 \"-\" \"Mozilla/5.0 (Macintosh; Intel Mac OS X 10_15_7) AppleWebKit/537.36 (KHTML, like Gecko) Chrome/109.0.0.0 Safari/537.36\""}}
[info] i  hosting: ::1 - - [09/Feb/2023:22:29:23 +0000] "GET /__/firebase/9.17.1/firebase-database-compat.js.map HTTP/1.1" 200 1006832 "-" "Mozilla/5.0 (Macintosh; Intel Mac OS X 10_15_7) AppleWebKit/537.36 (KHTML, like Gecko) Chrome/109.0.0.0 Safari/537.36" {"metadata":{"emulator":{"name":"hosting"},"message":"::1 - - [09/Feb/2023:22:29:23 +0000] \"GET /__/firebase/9.17.1/firebase-database-compat.js.map HTTP/1.1\" 200 1006832 \"-\" \"Mozilla/5.0 (Macintosh; Intel Mac OS X 10_15_7) AppleWebKit/537.36 (KHTML, like Gecko) Chrome/109.0.0.0 Safari/537.36\""}}
[info] i  hosting: ::1 - - [09/Feb/2023:22:29:23 +0000] "GET /__/firebase/9.17.1/firebase-performance-compat.js.map HTTP/1.1" 200 199972 "-" "Mozilla/5.0 (Macintosh; Intel Mac OS X 10_15_7) AppleWebKit/537.36 (KHTML, like Gecko) Chrome/109.0.0.0 Safari/537.36" {"metadata":{"emulator":{"name":"hosting"},"message":"::1 - - [09/Feb/2023:22:29:23 +0000] \"GET /__/firebase/9.17.1/firebase-performance-compat.js.map HTTP/1.1\" 200 199972 \"-\" \"Mozilla/5.0 (Macintosh; Intel Mac OS X 10_15_7) AppleWebKit/537.36 (KHTML, like Gecko) Chrome/109.0.0.0 Safari/537.36\""}}
[info] i  hosting: ::1 - - [09/Feb/2023:22:29:23 +0000] "GET /__/firebase/9.17.1/firebase-firestore-compat.js.map HTTP/1.1" 200 2336227 "-" "Mozilla/5.0 (Macintosh; Intel Mac OS X 10_15_7) AppleWebKit/537.36 (KHTML, like Gecko) Chrome/109.0.0.0 Safari/537.36" {"metadata":{"emulator":{"name":"hosting"},"message":"::1 - - [09/Feb/2023:22:29:23 +0000] \"GET /__/firebase/9.17.1/firebase-firestore-compat.js.map HTTP/1.1\" 200 2336227 \"-\" \"Mozilla/5.0 (Macintosh; Intel Mac OS X 10_15_7) AppleWebKit/537.36 (KHTML, like Gecko) Chrome/109.0.0.0 Safari/537.36\""}}
[info] i  hosting: ::1 - - [10/Feb/2023:19:11:35 +0000] "GET / HTTP/1.1" 200 - "-" "Mozilla/5.0 (Macintosh; Intel Mac OS X 10_15_7) AppleWebKit/605.1.15 (KHTML, like Gecko) Version/15.6 Safari/605.1.15" {"metadata":{"emulator":{"name":"hosting"},"message":"::1 - - [10/Feb/2023:19:11:35 +0000] \"GET / HTTP/1.1\" 200 - \"-\" \"Mozilla/5.0 (Macintosh; Intel Mac OS X 10_15_7) AppleWebKit/605.1.15 (KHTML, like Gecko) Version/15.6 Safari/605.1.15\""}}
[info] i  hosting: ::1 - - [10/Feb/2023:19:11:35 +0000] "GET /app.js HTTP/1.1" 200 655 "http://localhost:5000/" "Mozilla/5.0 (Macintosh; Intel Mac OS X 10_15_7) AppleWebKit/605.1.15 (KHTML, like Gecko) Version/15.6 Safari/605.1.15" {"metadata":{"emulator":{"name":"hosting"},"message":"::1 - - [10/Feb/2023:19:11:35 +0000] \"GET /app.js HTTP/1.1\" 200 655 \"http://localhost:5000/\" \"Mozilla/5.0 (Macintosh; Intel Mac OS X 10_15_7) AppleWebKit/605.1.15 (KHTML, like Gecko) Version/15.6 Safari/605.1.15\""}}
[info] i  hosting: ::1 - - [10/Feb/2023:19:11:35 +0000] "GET /__/firebase/init.js?useEmulator=true HTTP/1.1" 200 - "http://localhost:5000/" "Mozilla/5.0 (Macintosh; Intel Mac OS X 10_15_7) AppleWebKit/605.1.15 (KHTML, like Gecko) Version/15.6 Safari/605.1.15" {"metadata":{"emulator":{"name":"hosting"},"message":"::1 - - [10/Feb/2023:19:11:35 +0000] \"GET /__/firebase/init.js?useEmulator=true HTTP/1.1\" 200 - \"http://localhost:5000/\" \"Mozilla/5.0 (Macintosh; Intel Mac OS X 10_15_7) AppleWebKit/605.1.15 (KHTML, like Gecko) Version/15.6 Safari/605.1.15\""}}
[info] i  hosting: ::1 - - [10/Feb/2023:19:12:29 +0000] "GET / HTTP/1.1" 200 - "-" "Mozilla/5.0 (Macintosh; Intel Mac OS X 10_15_7) AppleWebKit/605.1.15 (KHTML, like Gecko) Version/15.6 Safari/605.1.15" {"metadata":{"emulator":{"name":"hosting"},"message":"::1 - - [10/Feb/2023:19:12:29 +0000] \"GET / HTTP/1.1\" 200 - \"-\" \"Mozilla/5.0 (Macintosh; Intel Mac OS X 10_15_7) AppleWebKit/605.1.15 (KHTML, like Gecko) Version/15.6 Safari/605.1.15\""}}
[info] i  hosting: ::1 - - [10/Feb/2023:19:12:29 +0000] "GET /__/firebase/init.js?useEmulator=true HTTP/1.1" 200 - "http://localhost:5000/" "Mozilla/5.0 (Macintosh; Intel Mac OS X 10_15_7) AppleWebKit/605.1.15 (KHTML, like Gecko) Version/15.6 Safari/605.1.15" {"metadata":{"emulator":{"name":"hosting"},"message":"::1 - - [10/Feb/2023:19:12:29 +0000] \"GET /__/firebase/init.js?useEmulator=true HTTP/1.1\" 200 - \"http://localhost:5000/\" \"Mozilla/5.0 (Macintosh; Intel Mac OS X 10_15_7) AppleWebKit/605.1.15 (KHTML, like Gecko) Version/15.6 Safari/605.1.15\""}}
[info] i  hosting: ::1 - - [10/Feb/2023:19:12:29 +0000] "GET /app.js HTTP/1.1" 200 658 "http://localhost:5000/" "Mozilla/5.0 (Macintosh; Intel Mac OS X 10_15_7) AppleWebKit/605.1.15 (KHTML, like Gecko) Version/15.6 Safari/605.1.15" {"metadata":{"emulator":{"name":"hosting"},"message":"::1 - - [10/Feb/2023:19:12:29 +0000] \"GET /app.js HTTP/1.1\" 200 658 \"http://localhost:5000/\" \"Mozilla/5.0 (Macintosh; Intel Mac OS X 10_15_7) AppleWebKit/605.1.15 (KHTML, like Gecko) Version/15.6 Safari/605.1.15\""}}
[info] i  hosting: ::1 - - [10/Feb/2023:19:14:17 +0000] "GET / HTTP/1.1" 200 - "-" "Mozilla/5.0 (Macintosh; Intel Mac OS X 10_15_7) AppleWebKit/605.1.15 (KHTML, like Gecko) Version/15.6 Safari/605.1.15" {"metadata":{"emulator":{"name":"hosting"},"message":"::1 - - [10/Feb/2023:19:14:17 +0000] \"GET / HTTP/1.1\" 200 - \"-\" \"Mozilla/5.0 (Macintosh; Intel Mac OS X 10_15_7) AppleWebKit/605.1.15 (KHTML, like Gecko) Version/15.6 Safari/605.1.15\""}}
[info] i  hosting: ::1 - - [10/Feb/2023:19:14:17 +0000] "GET /__/firebase/init.js?useEmulator=true HTTP/1.1" 200 - "http://localhost:5000/" "Mozilla/5.0 (Macintosh; Intel Mac OS X 10_15_7) AppleWebKit/605.1.15 (KHTML, like Gecko) Version/15.6 Safari/605.1.15" {"metadata":{"emulator":{"name":"hosting"},"message":"::1 - - [10/Feb/2023:19:14:17 +0000] \"GET /__/firebase/init.js?useEmulator=true HTTP/1.1\" 200 - \"http://localhost:5000/\" \"Mozilla/5.0 (Macintosh; Intel Mac OS X 10_15_7) AppleWebKit/605.1.15 (KHTML, like Gecko) Version/15.6 Safari/605.1.15\""}}
[info] i  hosting: ::1 - - [10/Feb/2023:19:14:17 +0000] "GET /app.js HTTP/1.1" 200 667 "http://localhost:5000/" "Mozilla/5.0 (Macintosh; Intel Mac OS X 10_15_7) AppleWebKit/605.1.15 (KHTML, like Gecko) Version/15.6 Safari/605.1.15" {"metadata":{"emulator":{"name":"hosting"},"message":"::1 - - [10/Feb/2023:19:14:17 +0000] \"GET /app.js HTTP/1.1\" 200 667 \"http://localhost:5000/\" \"Mozilla/5.0 (Macintosh; Intel Mac OS X 10_15_7) AppleWebKit/605.1.15 (KHTML, like Gecko) Version/15.6 Safari/605.1.15\""}}
[info] i  hosting: ::1 - - [10/Feb/2023:20:42:43 +0000] "GET / HTTP/1.1" 200 - "-" "Mozilla/5.0 (Macintosh; Intel Mac OS X 10_15_7) AppleWebKit/537.36 (KHTML, like Gecko) Chrome/109.0.0.0 Safari/537.36" {"metadata":{"emulator":{"name":"hosting"},"message":"::1 - - [10/Feb/2023:20:42:43 +0000] \"GET / HTTP/1.1\" 200 - \"-\" \"Mozilla/5.0 (Macintosh; Intel Mac OS X 10_15_7) AppleWebKit/537.36 (KHTML, like Gecko) Chrome/109.0.0.0 Safari/537.36\""}}
[info] i  hosting: ::1 - - [10/Feb/2023:20:42:43 +0000] "GET /__/firebase/init.js?useEmulator=true HTTP/1.1" 200 - "http://localhost:5000/" "Mozilla/5.0 (Macintosh; Intel Mac OS X 10_15_7) AppleWebKit/537.36 (KHTML, like Gecko) Chrome/109.0.0.0 Safari/537.36" {"metadata":{"emulator":{"name":"hosting"},"message":"::1 - - [10/Feb/2023:20:42:43 +0000] \"GET /__/firebase/init.js?useEmulator=true HTTP/1.1\" 200 - \"http://localhost:5000/\" \"Mozilla/5.0 (Macintosh; Intel Mac OS X 10_15_7) AppleWebKit/537.36 (KHTML, like Gecko) Chrome/109.0.0.0 Safari/537.36\""}}
[info] i  hosting: ::1 - - [10/Feb/2023:20:42:43 +0000] "GET /app.js HTTP/1.1" 200 667 "http://localhost:5000/" "Mozilla/5.0 (Macintosh; Intel Mac OS X 10_15_7) AppleWebKit/537.36 (KHTML, like Gecko) Chrome/109.0.0.0 Safari/537.36" {"metadata":{"emulator":{"name":"hosting"},"message":"::1 - - [10/Feb/2023:20:42:43 +0000] \"GET /app.js HTTP/1.1\" 200 667 \"http://localhost:5000/\" \"Mozilla/5.0 (Macintosh; Intel Mac OS X 10_15_7) AppleWebKit/537.36 (KHTML, like Gecko) Chrome/109.0.0.0 Safari/537.36\""}}
[info] i  hosting: ::1 - - [10/Feb/2023:20:46:35 +0000] "GET / HTTP/1.1" 200 - "-" "Mozilla/5.0 (Macintosh; Intel Mac OS X 10_15_7) AppleWebKit/605.1.15 (KHTML, like Gecko) Version/15.6 Safari/605.1.15" {"metadata":{"emulator":{"name":"hosting"},"message":"::1 - - [10/Feb/2023:20:46:35 +0000] \"GET / HTTP/1.1\" 200 - \"-\" \"Mozilla/5.0 (Macintosh; Intel Mac OS X 10_15_7) AppleWebKit/605.1.15 (KHTML, like Gecko) Version/15.6 Safari/605.1.15\""}}
[info] i  hosting: ::1 - - [10/Feb/2023:20:46:35 +0000] "GET /__/firebase/init.js?useEmulator=true HTTP/1.1" 200 - "http://localhost:5000/" "Mozilla/5.0 (Macintosh; Intel Mac OS X 10_15_7) AppleWebKit/605.1.15 (KHTML, like Gecko) Version/15.6 Safari/605.1.15" {"metadata":{"emulator":{"name":"hosting"},"message":"::1 - - [10/Feb/2023:20:46:35 +0000] \"GET /__/firebase/init.js?useEmulator=true HTTP/1.1\" 200 - \"http://localhost:5000/\" \"Mozilla/5.0 (Macintosh; Intel Mac OS X 10_15_7) AppleWebKit/605.1.15 (KHTML, like Gecko) Version/15.6 Safari/605.1.15\""}}
[info] i  hosting: ::1 - - [10/Feb/2023:20:46:35 +0000] "GET /app.js HTTP/1.1" 200 832 "http://localhost:5000/" "Mozilla/5.0 (Macintosh; Intel Mac OS X 10_15_7) AppleWebKit/605.1.15 (KHTML, like Gecko) Version/15.6 Safari/605.1.15" {"metadata":{"emulator":{"name":"hosting"},"message":"::1 - - [10/Feb/2023:20:46:35 +0000] \"GET /app.js HTTP/1.1\" 200 832 \"http://localhost:5000/\" \"Mozilla/5.0 (Macintosh; Intel Mac OS X 10_15_7) AppleWebKit/605.1.15 (KHTML, like Gecko) Version/15.6 Safari/605.1.15\""}}
[info] i  hosting: ::1 - - [10/Feb/2023:20:46:38 +0000] "GET / HTTP/1.1" 200 - "-" "Mozilla/5.0 (Macintosh; Intel Mac OS X 10_15_7) AppleWebKit/605.1.15 (KHTML, like Gecko) Version/15.6 Safari/605.1.15" {"metadata":{"emulator":{"name":"hosting"},"message":"::1 - - [10/Feb/2023:20:46:38 +0000] \"GET / HTTP/1.1\" 200 - \"-\" \"Mozilla/5.0 (Macintosh; Intel Mac OS X 10_15_7) AppleWebKit/605.1.15 (KHTML, like Gecko) Version/15.6 Safari/605.1.15\""}}
[info] i  hosting: ::1 - - [10/Feb/2023:20:46:38 +0000] "GET /__/firebase/init.js?useEmulator=true HTTP/1.1" 200 - "http://localhost:5000/" "Mozilla/5.0 (Macintosh; Intel Mac OS X 10_15_7) AppleWebKit/605.1.15 (KHTML, like Gecko) Version/15.6 Safari/605.1.15" {"metadata":{"emulator":{"name":"hosting"},"message":"::1 - - [10/Feb/2023:20:46:38 +0000] \"GET /__/firebase/init.js?useEmulator=true HTTP/1.1\" 200 - \"http://localhost:5000/\" \"Mozilla/5.0 (Macintosh; Intel Mac OS X 10_15_7) AppleWebKit/605.1.15 (KHTML, like Gecko) Version/15.6 Safari/605.1.15\""}}
[info] i  hosting: ::1 - - [10/Feb/2023:20:46:38 +0000] "GET /app.js HTTP/1.1" 200 832 "http://localhost:5000/" "Mozilla/5.0 (Macintosh; Intel Mac OS X 10_15_7) AppleWebKit/605.1.15 (KHTML, like Gecko) Version/15.6 Safari/605.1.15" {"metadata":{"emulator":{"name":"hosting"},"message":"::1 - - [10/Feb/2023:20:46:38 +0000] \"GET /app.js HTTP/1.1\" 200 832 \"http://localhost:5000/\" \"Mozilla/5.0 (Macintosh; Intel Mac OS X 10_15_7) AppleWebKit/605.1.15 (KHTML, like Gecko) Version/15.6 Safari/605.1.15\""}}
[info] i  hosting: ::1 - - [10/Feb/2023:20:46:38 +0000] "GET / HTTP/1.1" 200 - "-" "Mozilla/5.0 (Macintosh; Intel Mac OS X 10_15_7) AppleWebKit/605.1.15 (KHTML, like Gecko) Version/15.6 Safari/605.1.15" {"metadata":{"emulator":{"name":"hosting"},"message":"::1 - - [10/Feb/2023:20:46:38 +0000] \"GET / HTTP/1.1\" 200 - \"-\" \"Mozilla/5.0 (Macintosh; Intel Mac OS X 10_15_7) AppleWebKit/605.1.15 (KHTML, like Gecko) Version/15.6 Safari/605.1.15\""}}
[info] i  hosting: ::1 - - [10/Feb/2023:20:46:38 +0000] "GET /__/firebase/init.js?useEmulator=true HTTP/1.1" 200 - "http://localhost:5000/" "Mozilla/5.0 (Macintosh; Intel Mac OS X 10_15_7) AppleWebKit/605.1.15 (KHTML, like Gecko) Version/15.6 Safari/605.1.15" {"metadata":{"emulator":{"name":"hosting"},"message":"::1 - - [10/Feb/2023:20:46:38 +0000] \"GET /__/firebase/init.js?useEmulator=true HTTP/1.1\" 200 - \"http://localhost:5000/\" \"Mozilla/5.0 (Macintosh; Intel Mac OS X 10_15_7) AppleWebKit/605.1.15 (KHTML, like Gecko) Version/15.6 Safari/605.1.15\""}}
[info] i  hosting: ::1 - - [10/Feb/2023:20:46:39 +0000] "GET / HTTP/1.1" 200 - "-" "Mozilla/5.0 (Macintosh; Intel Mac OS X 10_15_7) AppleWebKit/605.1.15 (KHTML, like Gecko) Version/15.6 Safari/605.1.15" {"metadata":{"emulator":{"name":"hosting"},"message":"::1 - - [10/Feb/2023:20:46:39 +0000] \"GET / HTTP/1.1\" 200 - \"-\" \"Mozilla/5.0 (Macintosh; Intel Mac OS X 10_15_7) AppleWebKit/605.1.15 (KHTML, like Gecko) Version/15.6 Safari/605.1.15\""}}
[info] i  hosting: ::1 - - [10/Feb/2023:20:46:39 +0000] "GET /__/firebase/init.js?useEmulator=true HTTP/1.1" 200 - "http://localhost:5000/" "Mozilla/5.0 (Macintosh; Intel Mac OS X 10_15_7) AppleWebKit/605.1.15 (KHTML, like Gecko) Version/15.6 Safari/605.1.15" {"metadata":{"emulator":{"name":"hosting"},"message":"::1 - - [10/Feb/2023:20:46:39 +0000] \"GET /__/firebase/init.js?useEmulator=true HTTP/1.1\" 200 - \"http://localhost:5000/\" \"Mozilla/5.0 (Macintosh; Intel Mac OS X 10_15_7) AppleWebKit/605.1.15 (KHTML, like Gecko) Version/15.6 Safari/605.1.15\""}}
[info] i  hosting: ::1 - - [10/Feb/2023:20:46:39 +0000] "GET /app.js HTTP/1.1" 200 832 "http://localhost:5000/" "Mozilla/5.0 (Macintosh; Intel Mac OS X 10_15_7) AppleWebKit/605.1.15 (KHTML, like Gecko) Version/15.6 Safari/605.1.15" {"metadata":{"emulator":{"name":"hosting"},"message":"::1 - - [10/Feb/2023:20:46:39 +0000] \"GET /app.js HTTP/1.1\" 200 832 \"http://localhost:5000/\" \"Mozilla/5.0 (Macintosh; Intel Mac OS X 10_15_7) AppleWebKit/605.1.15 (KHTML, like Gecko) Version/15.6 Safari/605.1.15\""}}
[info] i  hosting: ::1 - - [10/Feb/2023:20:47:49 +0000] "GET / HTTP/1.1" 200 - "-" "Mozilla/5.0 (Macintosh; Intel Mac OS X 10_15_7) AppleWebKit/605.1.15 (KHTML, like Gecko) Version/15.6 Safari/605.1.15" {"metadata":{"emulator":{"name":"hosting"},"message":"::1 - - [10/Feb/2023:20:47:49 +0000] \"GET / HTTP/1.1\" 200 - \"-\" \"Mozilla/5.0 (Macintosh; Intel Mac OS X 10_15_7) AppleWebKit/605.1.15 (KHTML, like Gecko) Version/15.6 Safari/605.1.15\""}}
[info] i  hosting: ::1 - - [10/Feb/2023:20:47:49 +0000] "GET /__/firebase/init.js?useEmulator=true HTTP/1.1" 200 - "http://localhost:5000/" "Mozilla/5.0 (Macintosh; Intel Mac OS X 10_15_7) AppleWebKit/605.1.15 (KHTML, like Gecko) Version/15.6 Safari/605.1.15" {"metadata":{"emulator":{"name":"hosting"},"message":"::1 - - [10/Feb/2023:20:47:49 +0000] \"GET /__/firebase/init.js?useEmulator=true HTTP/1.1\" 200 - \"http://localhost:5000/\" \"Mozilla/5.0 (Macintosh; Intel Mac OS X 10_15_7) AppleWebKit/605.1.15 (KHTML, like Gecko) Version/15.6 Safari/605.1.15\""}}
[info] i  hosting: ::1 - - [10/Feb/2023:20:47:49 +0000] "GET /app.js HTTP/1.1" 200 848 "http://localhost:5000/" "Mozilla/5.0 (Macintosh; Intel Mac OS X 10_15_7) AppleWebKit/605.1.15 (KHTML, like Gecko) Version/15.6 Safari/605.1.15" {"metadata":{"emulator":{"name":"hosting"},"message":"::1 - - [10/Feb/2023:20:47:49 +0000] \"GET /app.js HTTP/1.1\" 200 848 \"http://localhost:5000/\" \"Mozilla/5.0 (Macintosh; Intel Mac OS X 10_15_7) AppleWebKit/605.1.15 (KHTML, like Gecko) Version/15.6 Safari/605.1.15\""}}
[info] i  hosting: ::1 - - [10/Feb/2023:20:47:50 +0000] "GET / HTTP/1.1" 200 - "-" "Mozilla/5.0 (Macintosh; Intel Mac OS X 10_15_7) AppleWebKit/605.1.15 (KHTML, like Gecko) Version/15.6 Safari/605.1.15" {"metadata":{"emulator":{"name":"hosting"},"message":"::1 - - [10/Feb/2023:20:47:50 +0000] \"GET / HTTP/1.1\" 200 - \"-\" \"Mozilla/5.0 (Macintosh; Intel Mac OS X 10_15_7) AppleWebKit/605.1.15 (KHTML, like Gecko) Version/15.6 Safari/605.1.15\""}}
[info] i  hosting: ::1 - - [10/Feb/2023:20:47:50 +0000] "GET /__/firebase/init.js?useEmulator=true HTTP/1.1" 200 - "http://localhost:5000/" "Mozilla/5.0 (Macintosh; Intel Mac OS X 10_15_7) AppleWebKit/605.1.15 (KHTML, like Gecko) Version/15.6 Safari/605.1.15" {"metadata":{"emulator":{"name":"hosting"},"message":"::1 - - [10/Feb/2023:20:47:50 +0000] \"GET /__/firebase/init.js?useEmulator=true HTTP/1.1\" 200 - \"http://localhost:5000/\" \"Mozilla/5.0 (Macintosh; Intel Mac OS X 10_15_7) AppleWebKit/605.1.15 (KHTML, like Gecko) Version/15.6 Safari/605.1.15\""}}
[info] i  hosting: ::1 - - [10/Feb/2023:20:47:50 +0000] "GET /app.js HTTP/1.1" 200 848 "http://localhost:5000/" "Mozilla/5.0 (Macintosh; Intel Mac OS X 10_15_7) AppleWebKit/605.1.15 (KHTML, like Gecko) Version/15.6 Safari/605.1.15" {"metadata":{"emulator":{"name":"hosting"},"message":"::1 - - [10/Feb/2023:20:47:50 +0000] \"GET /app.js HTTP/1.1\" 200 848 \"http://localhost:5000/\" \"Mozilla/5.0 (Macintosh; Intel Mac OS X 10_15_7) AppleWebKit/605.1.15 (KHTML, like Gecko) Version/15.6 Safari/605.1.15\""}}
[info] i  hosting: ::1 - - [10/Feb/2023:20:47:52 +0000] "GET / HTTP/1.1" 200 - "-" "Mozilla/5.0 (Macintosh; Intel Mac OS X 10_15_7) AppleWebKit/605.1.15 (KHTML, like Gecko) Version/15.6 Safari/605.1.15" {"metadata":{"emulator":{"name":"hosting"},"message":"::1 - - [10/Feb/2023:20:47:52 +0000] \"GET / HTTP/1.1\" 200 - \"-\" \"Mozilla/5.0 (Macintosh; Intel Mac OS X 10_15_7) AppleWebKit/605.1.15 (KHTML, like Gecko) Version/15.6 Safari/605.1.15\""}}
[info] i  hosting: ::1 - - [10/Feb/2023:20:47:52 +0000] "GET /__/firebase/init.js?useEmulator=true HTTP/1.1" 200 - "http://localhost:5000/" "Mozilla/5.0 (Macintosh; Intel Mac OS X 10_15_7) AppleWebKit/605.1.15 (KHTML, like Gecko) Version/15.6 Safari/605.1.15" {"metadata":{"emulator":{"name":"hosting"},"message":"::1 - - [10/Feb/2023:20:47:52 +0000] \"GET /__/firebase/init.js?useEmulator=true HTTP/1.1\" 200 - \"http://localhost:5000/\" \"Mozilla/5.0 (Macintosh; Intel Mac OS X 10_15_7) AppleWebKit/605.1.15 (KHTML, like Gecko) Version/15.6 Safari/605.1.15\""}}
[info] i  hosting: ::1 - - [10/Feb/2023:20:47:52 +0000] "GET /app.js HTTP/1.1" 200 848 "http://localhost:5000/" "Mozilla/5.0 (Macintosh; Intel Mac OS X 10_15_7) AppleWebKit/605.1.15 (KHTML, like Gecko) Version/15.6 Safari/605.1.15" {"metadata":{"emulator":{"name":"hosting"},"message":"::1 - - [10/Feb/2023:20:47:52 +0000] \"GET /app.js HTTP/1.1\" 200 848 \"http://localhost:5000/\" \"Mozilla/5.0 (Macintosh; Intel Mac OS X 10_15_7) AppleWebKit/605.1.15 (KHTML, like Gecko) Version/15.6 Safari/605.1.15\""}}
[info] i  hosting: ::1 - - [10/Feb/2023:20:50:06 +0000] "GET / HTTP/1.1" 200 - "-" "Mozilla/5.0 (Macintosh; Intel Mac OS X 10_15_7) AppleWebKit/605.1.15 (KHTML, like Gecko) Version/15.6 Safari/605.1.15" {"metadata":{"emulator":{"name":"hosting"},"message":"::1 - - [10/Feb/2023:20:50:06 +0000] \"GET / HTTP/1.1\" 200 - \"-\" \"Mozilla/5.0 (Macintosh; Intel Mac OS X 10_15_7) AppleWebKit/605.1.15 (KHTML, like Gecko) Version/15.6 Safari/605.1.15\""}}
[info] i  hosting: ::1 - - [10/Feb/2023:20:50:06 +0000] "GET /__/firebase/init.js?useEmulator=true HTTP/1.1" 200 - "http://localhost:5000/" "Mozilla/5.0 (Macintosh; Intel Mac OS X 10_15_7) AppleWebKit/605.1.15 (KHTML, like Gecko) Version/15.6 Safari/605.1.15" {"metadata":{"emulator":{"name":"hosting"},"message":"::1 - - [10/Feb/2023:20:50:06 +0000] \"GET /__/firebase/init.js?useEmulator=true HTTP/1.1\" 200 - \"http://localhost:5000/\" \"Mozilla/5.0 (Macintosh; Intel Mac OS X 10_15_7) AppleWebKit/605.1.15 (KHTML, like Gecko) Version/15.6 Safari/605.1.15\""}}
[info] i  hosting: ::1 - - [10/Feb/2023:20:50:06 +0000] "GET /app.js HTTP/1.1" 200 848 "http://localhost:5000/" "Mozilla/5.0 (Macintosh; Intel Mac OS X 10_15_7) AppleWebKit/605.1.15 (KHTML, like Gecko) Version/15.6 Safari/605.1.15" {"metadata":{"emulator":{"name":"hosting"},"message":"::1 - - [10/Feb/2023:20:50:06 +0000] \"GET /app.js HTTP/1.1\" 200 848 \"http://localhost:5000/\" \"Mozilla/5.0 (Macintosh; Intel Mac OS X 10_15_7) AppleWebKit/605.1.15 (KHTML, like Gecko) Version/15.6 Safari/605.1.15\""}}
[info] i  hosting: ::1 - - [10/Feb/2023:20:51:16 +0000] "GET / HTTP/1.1" 200 - "-" "Mozilla/5.0 (Macintosh; Intel Mac OS X 10_15_7) AppleWebKit/605.1.15 (KHTML, like Gecko) Version/15.6 Safari/605.1.15" {"metadata":{"emulator":{"name":"hosting"},"message":"::1 - - [10/Feb/2023:20:51:16 +0000] \"GET / HTTP/1.1\" 200 - \"-\" \"Mozilla/5.0 (Macintosh; Intel Mac OS X 10_15_7) AppleWebKit/605.1.15 (KHTML, like Gecko) Version/15.6 Safari/605.1.15\""}}
[info] i  hosting: ::1 - - [10/Feb/2023:20:51:16 +0000] "GET /__/firebase/init.js?useEmulator=true HTTP/1.1" 200 - "http://localhost:5000/" "Mozilla/5.0 (Macintosh; Intel Mac OS X 10_15_7) AppleWebKit/605.1.15 (KHTML, like Gecko) Version/15.6 Safari/605.1.15" {"metadata":{"emulator":{"name":"hosting"},"message":"::1 - - [10/Feb/2023:20:51:16 +0000] \"GET /__/firebase/init.js?useEmulator=true HTTP/1.1\" 200 - \"http://localhost:5000/\" \"Mozilla/5.0 (Macintosh; Intel Mac OS X 10_15_7) AppleWebKit/605.1.15 (KHTML, like Gecko) Version/15.6 Safari/605.1.15\""}}
[info] i  hosting: ::1 - - [10/Feb/2023:20:51:16 +0000] "GET /app.js HTTP/1.1" 200 886 "http://localhost:5000/" "Mozilla/5.0 (Macintosh; Intel Mac OS X 10_15_7) AppleWebKit/605.1.15 (KHTML, like Gecko) Version/15.6 Safari/605.1.15" {"metadata":{"emulator":{"name":"hosting"},"message":"::1 - - [10/Feb/2023:20:51:16 +0000] \"GET /app.js HTTP/1.1\" 200 886 \"http://localhost:5000/\" \"Mozilla/5.0 (Macintosh; Intel Mac OS X 10_15_7) AppleWebKit/605.1.15 (KHTML, like Gecko) Version/15.6 Safari/605.1.15\""}}
[info] i  hosting: ::1 - - [10/Feb/2023:20:51:16 +0000] "GET / HTTP/1.1" 200 - "-" "Mozilla/5.0 (Macintosh; Intel Mac OS X 10_15_7) AppleWebKit/605.1.15 (KHTML, like Gecko) Version/15.6 Safari/605.1.15" {"metadata":{"emulator":{"name":"hosting"},"message":"::1 - - [10/Feb/2023:20:51:16 +0000] \"GET / HTTP/1.1\" 200 - \"-\" \"Mozilla/5.0 (Macintosh; Intel Mac OS X 10_15_7) AppleWebKit/605.1.15 (KHTML, like Gecko) Version/15.6 Safari/605.1.15\""}}
[info] i  hosting: ::1 - - [10/Feb/2023:20:51:16 +0000] "GET /__/firebase/init.js?useEmulator=true HTTP/1.1" 200 - "http://localhost:5000/" "Mozilla/5.0 (Macintosh; Intel Mac OS X 10_15_7) AppleWebKit/605.1.15 (KHTML, like Gecko) Version/15.6 Safari/605.1.15" {"metadata":{"emulator":{"name":"hosting"},"message":"::1 - - [10/Feb/2023:20:51:16 +0000] \"GET /__/firebase/init.js?useEmulator=true HTTP/1.1\" 200 - \"http://localhost:5000/\" \"Mozilla/5.0 (Macintosh; Intel Mac OS X 10_15_7) AppleWebKit/605.1.15 (KHTML, like Gecko) Version/15.6 Safari/605.1.15\""}}
[info] i  hosting: ::1 - - [10/Feb/2023:20:51:16 +0000] "GET /app.js HTTP/1.1" 200 886 "http://localhost:5000/" "Mozilla/5.0 (Macintosh; Intel Mac OS X 10_15_7) AppleWebKit/605.1.15 (KHTML, like Gecko) Version/15.6 Safari/605.1.15" {"metadata":{"emulator":{"name":"hosting"},"message":"::1 - - [10/Feb/2023:20:51:16 +0000] \"GET /app.js HTTP/1.1\" 200 886 \"http://localhost:5000/\" \"Mozilla/5.0 (Macintosh; Intel Mac OS X 10_15_7) AppleWebKit/605.1.15 (KHTML, like Gecko) Version/15.6 Safari/605.1.15\""}}
[info] i  hosting: ::1 - - [10/Feb/2023:20:51:18 +0000] "GET / HTTP/1.1" 200 - "-" "Mozilla/5.0 (Macintosh; Intel Mac OS X 10_15_7) AppleWebKit/605.1.15 (KHTML, like Gecko) Version/15.6 Safari/605.1.15" {"metadata":{"emulator":{"name":"hosting"},"message":"::1 - - [10/Feb/2023:20:51:18 +0000] \"GET / HTTP/1.1\" 200 - \"-\" \"Mozilla/5.0 (Macintosh; Intel Mac OS X 10_15_7) AppleWebKit/605.1.15 (KHTML, like Gecko) Version/15.6 Safari/605.1.15\""}}
[info] i  hosting: ::1 - - [10/Feb/2023:20:51:18 +0000] "GET /__/firebase/init.js?useEmulator=true HTTP/1.1" 200 - "http://localhost:5000/" "Mozilla/5.0 (Macintosh; Intel Mac OS X 10_15_7) AppleWebKit/605.1.15 (KHTML, like Gecko) Version/15.6 Safari/605.1.15" {"metadata":{"emulator":{"name":"hosting"},"message":"::1 - - [10/Feb/2023:20:51:18 +0000] \"GET /__/firebase/init.js?useEmulator=true HTTP/1.1\" 200 - \"http://localhost:5000/\" \"Mozilla/5.0 (Macintosh; Intel Mac OS X 10_15_7) AppleWebKit/605.1.15 (KHTML, like Gecko) Version/15.6 Safari/605.1.15\""}}
[info] i  hosting: ::1 - - [10/Feb/2023:20:51:18 +0000] "GET /app.js HTTP/1.1" 200 886 "http://localhost:5000/" "Mozilla/5.0 (Macintosh; Intel Mac OS X 10_15_7) AppleWebKit/605.1.15 (KHTML, like Gecko) Version/15.6 Safari/605.1.15" {"metadata":{"emulator":{"name":"hosting"},"message":"::1 - - [10/Feb/2023:20:51:18 +0000] \"GET /app.js HTTP/1.1\" 200 886 \"http://localhost:5000/\" \"Mozilla/5.0 (Macintosh; Intel Mac OS X 10_15_7) AppleWebKit/605.1.15 (KHTML, like Gecko) Version/15.6 Safari/605.1.15\""}}
[info] i  hosting: ::1 - - [10/Feb/2023:20:53:46 +0000] "GET / HTTP/1.1" 200 - "-" "Mozilla/5.0 (Macintosh; Intel Mac OS X 10_15_7) AppleWebKit/605.1.15 (KHTML, like Gecko) Version/15.6 Safari/605.1.15" {"metadata":{"emulator":{"name":"hosting"},"message":"::1 - - [10/Feb/2023:20:53:46 +0000] \"GET / HTTP/1.1\" 200 - \"-\" \"Mozilla/5.0 (Macintosh; Intel Mac OS X 10_15_7) AppleWebKit/605.1.15 (KHTML, like Gecko) Version/15.6 Safari/605.1.15\""}}
[info] i  hosting: ::1 - - [10/Feb/2023:20:53:47 +0000] "GET /__/firebase/init.js?useEmulator=true HTTP/1.1" 200 - "http://localhost:5000/" "Mozilla/5.0 (Macintosh; Intel Mac OS X 10_15_7) AppleWebKit/605.1.15 (KHTML, like Gecko) Version/15.6 Safari/605.1.15" {"metadata":{"emulator":{"name":"hosting"},"message":"::1 - - [10/Feb/2023:20:53:47 +0000] \"GET /__/firebase/init.js?useEmulator=true HTTP/1.1\" 200 - \"http://localhost:5000/\" \"Mozilla/5.0 (Macintosh; Intel Mac OS X 10_15_7) AppleWebKit/605.1.15 (KHTML, like Gecko) Version/15.6 Safari/605.1.15\""}}
[info] i  hosting: ::1 - - [10/Feb/2023:20:53:47 +0000] "GET /app.js HTTP/1.1" 200 935 "http://localhost:5000/" "Mozilla/5.0 (Macintosh; Intel Mac OS X 10_15_7) AppleWebKit/605.1.15 (KHTML, like Gecko) Version/15.6 Safari/605.1.15" {"metadata":{"emulator":{"name":"hosting"},"message":"::1 - - [10/Feb/2023:20:53:47 +0000] \"GET /app.js HTTP/1.1\" 200 935 \"http://localhost:5000/\" \"Mozilla/5.0 (Macintosh; Intel Mac OS X 10_15_7) AppleWebKit/605.1.15 (KHTML, like Gecko) Version/15.6 Safari/605.1.15\""}}
